#! /c/Source/iverilog-install/bin/vvp
:ivl_version "12.0 (devel)" "(s20150603-1539-g2693dd32b)";
:ivl_delay_selection "TYPICAL";
:vpi_time_precision - 12;
:vpi_module "Y:\iverilog\lib\ivl\system.vpi";
:vpi_module "Y:\iverilog\lib\ivl\vhdl_sys.vpi";
:vpi_module "Y:\iverilog\lib\ivl\vhdl_textio.vpi";
:vpi_module "Y:\iverilog\lib\ivl\v2005_math.vpi";
:vpi_module "Y:\iverilog\lib\ivl\va_math.vpi";
S_000001db6a7758c0 .scope module, "top_module" "top_module" 2 13;
 .timescale -9 -12;
L_000001db6a7743e0 .functor BUFZ 1, L_000001db6a7275f0, C4<0>, C4<0>, C4<0>;
L_000001db6a7744e0 .functor BUFZ 1, L_000001db6a727490, C4<0>, C4<0>, C4<0>;
L_000001db6a774550 .functor BUFZ 1, L_000001db6a773f00, C4<0>, C4<0>, C4<0>;
L_000001db6a7c18d0 .functor AND 1, L_000001db6a7275f0, L_000001db6a774370, C4<1>, C4<1>;
v000001db6a772be0_0 .net "C_out", 0 0, L_000001db6a7c18d0;  1 drivers
v000001db6a772c80_0 .net "Sum", 0 0, L_000001db6a774550;  1 drivers
v000001db6a772d20_0 .net "st1_c_in", 0 0, L_000001db6a7275f0;  1 drivers
o000001db6a776fd8 .functor BUFZ 1, C4<z>; HiZ drive
v000001db6a772dc0_0 .net "st1_in1", 0 0, o000001db6a776fd8;  0 drivers
o000001db6a777008 .functor BUFZ 1, C4<z>; HiZ drive
v000001db6a773590_0 .net "st1_in2", 0 0, o000001db6a777008;  0 drivers
v000001db6a773b30_0 .net "st1_sum", 0 0, L_000001db6a727490;  1 drivers
v000001db6a773bd0_0 .net "st2_c_in", 0 0, L_000001db6a774370;  1 drivers
v000001db6a773810_0 .net "st2_in1", 0 0, L_000001db6a7743e0;  1 drivers
v000001db6a773090_0 .net "st2_in2", 0 0, L_000001db6a7744e0;  1 drivers
v000001db6a773630_0 .net "st2_sum", 0 0, L_000001db6a773f00;  1 drivers
S_000001db6a775a50 .scope module, "half_adder_st1" "half_adder" 2 18, 2 3 0, S_000001db6a7758c0;
 .timescale -9 -12;
    .port_info 0 /INPUT 1 "in1";
    .port_info 1 /INPUT 1 "in2";
    .port_info 2 /OUTPUT 1 "sum";
    .port_info 3 /OUTPUT 1 "c_in";
L_000001db6a727490 .functor XOR 1, o000001db6a776fd8, o000001db6a777008, C4<0>, C4<0>;
L_000001db6a7275f0 .functor AND 1, o000001db6a776fd8, o000001db6a777008, C4<1>, C4<1>;
v000001db6a726bf0_0 .net "c_in", 0 0, L_000001db6a7275f0;  alias, 1 drivers
v000001db6a7725f0_0 .net "in1", 0 0, o000001db6a776fd8;  alias, 0 drivers
v000001db6a772690_0 .net "in2", 0 0, o000001db6a777008;  alias, 0 drivers
v000001db6a772730_0 .net "sum", 0 0, L_000001db6a727490;  alias, 1 drivers
S_000001db6a7727d0 .scope module, "half_adder_st2" "half_adder" 2 20, 2 3 0, S_000001db6a7758c0;
 .timescale -9 -12;
    .port_info 0 /INPUT 1 "in1";
    .port_info 1 /INPUT 1 "in2";
    .port_info 2 /OUTPUT 1 "sum";
    .port_info 3 /OUTPUT 1 "c_in";
L_000001db6a773f00 .functor XOR 1, L_000001db6a7743e0, L_000001db6a7744e0, C4<0>, C4<0>;
L_000001db6a774370 .functor AND 1, L_000001db6a7743e0, L_000001db6a7744e0, C4<1>, C4<1>;
v000001db6a772960_0 .net "c_in", 0 0, L_000001db6a774370;  alias, 1 drivers
v000001db6a772a00_0 .net "in1", 0 0, L_000001db6a7743e0;  alias, 1 drivers
v000001db6a772aa0_0 .net "in2", 0 0, L_000001db6a7744e0;  alias, 1 drivers
v000001db6a772b40_0 .net "sum", 0 0, L_000001db6a773f00;  alias, 1 drivers
# The file index is used to find the file name in the following table.
:file_names 3;
    "N/A";
    "<interactive>";
    "Sandbox.v";
