#! /c/Source/iverilog-install/bin/vvp
:ivl_version "12.0 (devel)" "(s20150603-1539-g2693dd32b)";
:ivl_delay_selection "TYPICAL";
:vpi_time_precision - 12;
:vpi_module "C:\iverilog\lib\ivl\system.vpi";
:vpi_module "C:\iverilog\lib\ivl\vhdl_sys.vpi";
:vpi_module "C:\iverilog\lib\ivl\vhdl_textio.vpi";
:vpi_module "C:\iverilog\lib\ivl\v2005_math.vpi";
:vpi_module "C:\iverilog\lib\ivl\va_math.vpi";
S_000001f040275810 .scope module, "adder_8bits" "adder_8bits" 2 4;
 .timescale -3 -12;
    .port_info 0 /INPUT 8 "first_byte";
    .port_info 1 /INPUT 8 "second_byte";
    .port_info 2 /INPUT 8 "carry_in";
    .port_info 3 /OUTPUT 8 "sum_bytes";
    .port_info 4 /OUTPUT 8 "carry_out";
v000001f040306b60_0 .net *"_ivl_101", 0 0, L_000001f040305da0;  1 drivers
v000001f0403063e0_0 .net *"_ivl_105", 0 0, L_000001f040306ac0;  1 drivers
v000001f040306480_0 .net *"_ivl_109", 0 0, L_000001f040304ea0;  1 drivers
o000001f0402a8ad8 .functor BUFZ 1, C4<z>; HiZ drive
; Elide local net with no drivers, v000001f040305080_0 name=_ivl_112
v000001f0403062a0_0 .net *"_ivl_85", 0 0, L_000001f0403060c0;  1 drivers
v000001f040305440_0 .net *"_ivl_89", 0 0, L_000001f040306980;  1 drivers
v000001f040305e40_0 .net *"_ivl_93", 0 0, L_000001f040306a20;  1 drivers
v000001f0403054e0_0 .net *"_ivl_97", 0 0, L_000001f040305a80;  1 drivers
v000001f040305120_0 .net "carry_in", 7 0, L_000001f040306160;  1 drivers
v000001f040306660_0 .net "carry_out", 7 0, L_000001f040305c60;  1 drivers
o000001f0402a8c28 .functor BUFZ 8, C4<zzzzzzzz>; HiZ drive
v000001f040305940_0 .net "first_byte", 7 0, o000001f0402a8c28;  0 drivers
o000001f0402a8c58 .functor BUFZ 8, C4<zzzzzzzz>; HiZ drive
v000001f040304f40_0 .net "second_byte", 7 0, o000001f0402a8c58;  0 drivers
v000001f040305620_0 .net "sum_bytes", 7 0, L_000001f040305800;  1 drivers
L_000001f040306700 .part o000001f0402a8c28, 0, 1;
L_000001f040305bc0 .part o000001f0402a8c58, 0, 1;
L_000001f040306340 .part L_000001f040306160, 0, 1;
L_000001f040305ee0 .part o000001f0402a8c28, 1, 1;
L_000001f040306520 .part o000001f0402a8c58, 1, 1;
L_000001f0403059e0 .part L_000001f040306160, 1, 1;
L_000001f0403065c0 .part o000001f0402a8c28, 2, 1;
L_000001f0403051c0 .part o000001f0402a8c58, 2, 1;
L_000001f0403067a0 .part L_000001f040306160, 2, 1;
L_000001f040305b20 .part o000001f0402a8c28, 3, 1;
L_000001f0403058a0 .part o000001f0402a8c58, 3, 1;
L_000001f040305300 .part L_000001f040306160, 3, 1;
L_000001f040306840 .part o000001f0402a8c28, 4, 1;
L_000001f040305d00 .part o000001f0402a8c58, 4, 1;
L_000001f040306ca0 .part L_000001f040306160, 4, 1;
L_000001f0403068e0 .part o000001f0402a8c28, 5, 1;
L_000001f040305760 .part o000001f0402a8c58, 5, 1;
L_000001f040305580 .part L_000001f040306160, 5, 1;
L_000001f040305f80 .part o000001f0402a8c28, 6, 1;
L_000001f040306020 .part o000001f0402a8c58, 6, 1;
L_000001f040304e00 .part L_000001f040306160, 6, 1;
L_000001f0403056c0 .part o000001f0402a8c28, 7, 1;
L_000001f040305260 .part o000001f0402a8c58, 7, 1;
L_000001f040306c00 .part L_000001f040306160, 7, 1;
LS_000001f040305800_0_0 .concat8 [ 1 1 1 1], L_000001f04029ced0, L_000001f04029d2c0, L_000001f040307c10, L_000001f040307cf0;
LS_000001f040305800_0_4 .concat8 [ 1 1 1 1], L_000001f040306fd0, L_000001f040307a50, L_000001f04030b460, L_000001f04030af90;
L_000001f040305800 .concat8 [ 4 4 0 0], LS_000001f040305800_0_0, LS_000001f040305800_0_4;
LS_000001f040305c60_0_0 .concat8 [ 1 1 1 1], L_000001f04029cca0, L_000001f04029c610, L_000001f040307200, L_000001f040307270;
LS_000001f040305c60_0_4 .concat8 [ 1 1 1 1], L_000001f040307580, L_000001f040307740, L_000001f04030b0e0, L_000001f04030b000;
L_000001f040305c60 .concat8 [ 4 4 0 0], LS_000001f040305c60_0_0, LS_000001f040305c60_0_4;
L_000001f0403060c0 .part L_000001f040306160, 0, 1;
L_000001f040306980 .part L_000001f040306160, 1, 1;
L_000001f040306a20 .part L_000001f040306160, 2, 1;
L_000001f040305a80 .part L_000001f040306160, 3, 1;
L_000001f040305da0 .part L_000001f040306160, 4, 1;
L_000001f040306ac0 .part L_000001f040306160, 5, 1;
L_000001f040304ea0 .part L_000001f040306160, 6, 1;
LS_000001f040306160_0_0 .concat [ 1 1 1 1], o000001f0402a8ad8, L_000001f0403060c0, L_000001f040306980, L_000001f040306a20;
LS_000001f040306160_0_4 .concat [ 1 1 1 1], L_000001f040305a80, L_000001f040305da0, L_000001f040306ac0, L_000001f040304ea0;
L_000001f040306160 .concat [ 4 4 0 0], LS_000001f040306160_0_0, LS_000001f040306160_0_4;
S_000001f0402759a0 .scope module, "FA_block0" "full_adder" 2 11, 3 28 0, S_000001f040275810;
 .timescale -3 -12;
    .port_info 0 /INPUT 1 "A";
    .port_info 1 /INPUT 1 "B";
    .port_info 2 /INPUT 1 "C_in";
    .port_info 3 /OUTPUT 1 "Sum";
    .port_info 4 /OUTPUT 1 "C_out";
L_000001f04029cdf0 .functor BUFZ 1, L_000001f040306700, C4<0>, C4<0>, C4<0>;
L_000001f04029c990 .functor BUFZ 1, L_000001f040305bc0, C4<0>, C4<0>, C4<0>;
L_000001f04029d090 .functor BUFZ 1, L_000001f040306340, C4<0>, C4<0>, C4<0>;
L_000001f04029d100 .functor BUFZ 1, L_000001f04029cfb0, C4<0>, C4<0>, C4<0>;
L_000001f04029ced0 .functor BUFZ 1, L_000001f04029c530, C4<0>, C4<0>, C4<0>;
L_000001f04029cca0 .functor OR 1, L_000001f04029cbc0, L_000001f04029cc30, C4<0>, C4<0>;
v000001f040295a30_0 .net "A", 0 0, L_000001f040306700;  1 drivers
v000001f040295ad0_0 .net "B", 0 0, L_000001f040305bc0;  1 drivers
v000001f040295b70_0 .net "C_in", 0 0, L_000001f040306340;  1 drivers
v000001f040295fd0_0 .net "C_out", 0 0, L_000001f04029cca0;  1 drivers
v000001f04028ee90_0 .net "Sum", 0 0, L_000001f04029ced0;  1 drivers
v000001f04028e7b0_0 .net "st1_c_out", 0 0, L_000001f04029cbc0;  1 drivers
v000001f04028ea30_0 .net "st1_in1", 0 0, L_000001f04029cdf0;  1 drivers
v000001f04028e0d0_0 .net "st1_in2", 0 0, L_000001f04029c990;  1 drivers
v000001f04028e3f0_0 .net "st1_sum", 0 0, L_000001f04029cfb0;  1 drivers
v000001f04028e8f0_0 .net "st2_c_out", 0 0, L_000001f04029cc30;  1 drivers
v000001f0402fcb60_0 .net "st2_in1", 0 0, L_000001f04029d090;  1 drivers
v000001f0402fca20_0 .net "st2_in2", 0 0, L_000001f04029d100;  1 drivers
v000001f0402fc020_0 .net "st2_sum", 0 0, L_000001f04029c530;  1 drivers
S_000001f0401be600 .scope module, "half_adder_st1" "half_adder" 3 33, 3 18 0, S_000001f0402759a0;
 .timescale -3 -12;
    .port_info 0 /INPUT 1 "in1";
    .port_info 1 /INPUT 1 "in2";
    .port_info 2 /OUTPUT 1 "sum";
    .port_info 3 /OUTPUT 1 "c";
L_000001f04029cfb0 .functor XOR 1, L_000001f04029cdf0, L_000001f04029c990, C4<0>, C4<0>;
L_000001f04029cbc0 .functor AND 1, L_000001f04029cdf0, L_000001f04029c990, C4<1>, C4<1>;
v000001f040295030_0 .net "c", 0 0, L_000001f04029cbc0;  alias, 1 drivers
v000001f040295f30_0 .net "in1", 0 0, L_000001f04029cdf0;  alias, 1 drivers
v000001f040295530_0 .net "in2", 0 0, L_000001f04029c990;  alias, 1 drivers
v000001f0402958f0_0 .net "sum", 0 0, L_000001f04029cfb0;  alias, 1 drivers
S_000001f0401be790 .scope module, "half_adder_st2" "half_adder" 3 35, 3 18 0, S_000001f0402759a0;
 .timescale -3 -12;
    .port_info 0 /INPUT 1 "in1";
    .port_info 1 /INPUT 1 "in2";
    .port_info 2 /OUTPUT 1 "sum";
    .port_info 3 /OUTPUT 1 "c";
L_000001f04029c530 .functor XOR 1, L_000001f04029d090, L_000001f04029d100, C4<0>, C4<0>;
L_000001f04029cc30 .functor AND 1, L_000001f04029d090, L_000001f04029d100, C4<1>, C4<1>;
v000001f0402957b0_0 .net "c", 0 0, L_000001f04029cc30;  alias, 1 drivers
v000001f040296610_0 .net "in1", 0 0, L_000001f04029d090;  alias, 1 drivers
v000001f040295cb0_0 .net "in2", 0 0, L_000001f04029d100;  alias, 1 drivers
v000001f040296930_0 .net "sum", 0 0, L_000001f04029c530;  alias, 1 drivers
S_000001f040292020 .scope module, "FA_block1" "full_adder" 2 12, 3 28 0, S_000001f040275810;
 .timescale -3 -12;
    .port_info 0 /INPUT 1 "A";
    .port_info 1 /INPUT 1 "B";
    .port_info 2 /INPUT 1 "C_in";
    .port_info 3 /OUTPUT 1 "Sum";
    .port_info 4 /OUTPUT 1 "C_out";
L_000001f04029c4c0 .functor BUFZ 1, L_000001f040305ee0, C4<0>, C4<0>, C4<0>;
L_000001f04029d250 .functor BUFZ 1, L_000001f040306520, C4<0>, C4<0>, C4<0>;
L_000001f04029c920 .functor BUFZ 1, L_000001f0403059e0, C4<0>, C4<0>, C4<0>;
L_000001f04029ca00 .functor BUFZ 1, L_000001f04029d170, C4<0>, C4<0>, C4<0>;
L_000001f04029d2c0 .functor BUFZ 1, L_000001f04029c680, C4<0>, C4<0>, C4<0>;
L_000001f04029c610 .functor OR 1, L_000001f04029c5a0, L_000001f04029cd80, C4<0>, C4<0>;
v000001f0402fcde0_0 .net "A", 0 0, L_000001f040305ee0;  1 drivers
v000001f0402fcf20_0 .net "B", 0 0, L_000001f040306520;  1 drivers
v000001f0402fbf80_0 .net "C_in", 0 0, L_000001f0403059e0;  1 drivers
v000001f0402fc200_0 .net "C_out", 0 0, L_000001f04029c610;  1 drivers
v000001f0402fb800_0 .net "Sum", 0 0, L_000001f04029d2c0;  1 drivers
v000001f0402fc480_0 .net "st1_c_out", 0 0, L_000001f04029c5a0;  1 drivers
v000001f0402fbbc0_0 .net "st1_in1", 0 0, L_000001f04029c4c0;  1 drivers
v000001f0402fcfc0_0 .net "st1_in2", 0 0, L_000001f04029d250;  1 drivers
v000001f0402fb8a0_0 .net "st1_sum", 0 0, L_000001f04029d170;  1 drivers
v000001f0402fb620_0 .net "st2_c_out", 0 0, L_000001f04029cd80;  1 drivers
v000001f0402fb940_0 .net "st2_in1", 0 0, L_000001f04029c920;  1 drivers
v000001f0402fcca0_0 .net "st2_in2", 0 0, L_000001f04029ca00;  1 drivers
v000001f0402fc5c0_0 .net "st2_sum", 0 0, L_000001f04029c680;  1 drivers
S_000001f0402921b0 .scope module, "half_adder_st1" "half_adder" 3 33, 3 18 0, S_000001f040292020;
 .timescale -3 -12;
    .port_info 0 /INPUT 1 "in1";
    .port_info 1 /INPUT 1 "in2";
    .port_info 2 /OUTPUT 1 "sum";
    .port_info 3 /OUTPUT 1 "c";
L_000001f04029d170 .functor XOR 1, L_000001f04029c4c0, L_000001f04029d250, C4<0>, C4<0>;
L_000001f04029c5a0 .functor AND 1, L_000001f04029c4c0, L_000001f04029d250, C4<1>, C4<1>;
v000001f0402fc660_0 .net "c", 0 0, L_000001f04029c5a0;  alias, 1 drivers
v000001f0402fc0c0_0 .net "in1", 0 0, L_000001f04029c4c0;  alias, 1 drivers
v000001f0402fb760_0 .net "in2", 0 0, L_000001f04029d250;  alias, 1 drivers
v000001f0402fc8e0_0 .net "sum", 0 0, L_000001f04029d170;  alias, 1 drivers
S_000001f040292340 .scope module, "half_adder_st2" "half_adder" 3 35, 3 18 0, S_000001f040292020;
 .timescale -3 -12;
    .port_info 0 /INPUT 1 "in1";
    .port_info 1 /INPUT 1 "in2";
    .port_info 2 /OUTPUT 1 "sum";
    .port_info 3 /OUTPUT 1 "c";
L_000001f04029c680 .functor XOR 1, L_000001f04029c920, L_000001f04029ca00, C4<0>, C4<0>;
L_000001f04029cd80 .functor AND 1, L_000001f04029c920, L_000001f04029ca00, C4<1>, C4<1>;
v000001f0402fc160_0 .net "c", 0 0, L_000001f04029cd80;  alias, 1 drivers
v000001f0402fc3e0_0 .net "in1", 0 0, L_000001f04029c920;  alias, 1 drivers
v000001f0402fcac0_0 .net "in2", 0 0, L_000001f04029ca00;  alias, 1 drivers
v000001f0402fd2e0_0 .net "sum", 0 0, L_000001f04029c680;  alias, 1 drivers
S_000001f0402924d0 .scope module, "FA_block2" "full_adder" 2 13, 3 28 0, S_000001f040275810;
 .timescale -3 -12;
    .port_info 0 /INPUT 1 "A";
    .port_info 1 /INPUT 1 "B";
    .port_info 2 /INPUT 1 "C_in";
    .port_info 3 /OUTPUT 1 "Sum";
    .port_info 4 /OUTPUT 1 "C_out";
L_000001f04029c6f0 .functor BUFZ 1, L_000001f0403065c0, C4<0>, C4<0>, C4<0>;
L_000001f040307430 .functor BUFZ 1, L_000001f0403051c0, C4<0>, C4<0>, C4<0>;
L_000001f040307820 .functor BUFZ 1, L_000001f0403067a0, C4<0>, C4<0>, C4<0>;
L_000001f0403070b0 .functor BUFZ 1, L_000001f04029ca70, C4<0>, C4<0>, C4<0>;
L_000001f040307c10 .functor BUFZ 1, L_000001f04029cf40, C4<0>, C4<0>, C4<0>;
L_000001f040307200 .functor OR 1, L_000001f04029d330, L_000001f04029d3a0, C4<0>, C4<0>;
v000001f0402fbc60_0 .net "A", 0 0, L_000001f0403065c0;  1 drivers
v000001f0402fd060_0 .net "B", 0 0, L_000001f0403051c0;  1 drivers
v000001f0402fbb20_0 .net "C_in", 0 0, L_000001f0403067a0;  1 drivers
v000001f0402fcd40_0 .net "C_out", 0 0, L_000001f040307200;  1 drivers
v000001f0402fbd00_0 .net "Sum", 0 0, L_000001f040307c10;  1 drivers
v000001f0402fce80_0 .net "st1_c_out", 0 0, L_000001f04029d330;  1 drivers
v000001f0402fc340_0 .net "st1_in1", 0 0, L_000001f04029c6f0;  1 drivers
v000001f0402fd100_0 .net "st1_in2", 0 0, L_000001f040307430;  1 drivers
v000001f0402fc2a0_0 .net "st1_sum", 0 0, L_000001f04029ca70;  1 drivers
v000001f0402fc7a0_0 .net "st2_c_out", 0 0, L_000001f04029d3a0;  1 drivers
v000001f0402fc520_0 .net "st2_in1", 0 0, L_000001f040307820;  1 drivers
v000001f0402fbe40_0 .net "st2_in2", 0 0, L_000001f0403070b0;  1 drivers
v000001f0402fbda0_0 .net "st2_sum", 0 0, L_000001f04029cf40;  1 drivers
S_000001f040292660 .scope module, "half_adder_st1" "half_adder" 3 33, 3 18 0, S_000001f0402924d0;
 .timescale -3 -12;
    .port_info 0 /INPUT 1 "in1";
    .port_info 1 /INPUT 1 "in2";
    .port_info 2 /OUTPUT 1 "sum";
    .port_info 3 /OUTPUT 1 "c";
L_000001f04029ca70 .functor XOR 1, L_000001f04029c6f0, L_000001f040307430, C4<0>, C4<0>;
L_000001f04029d330 .functor AND 1, L_000001f04029c6f0, L_000001f040307430, C4<1>, C4<1>;
v000001f0402fc700_0 .net "c", 0 0, L_000001f04029d330;  alias, 1 drivers
v000001f0402fb440_0 .net "in1", 0 0, L_000001f04029c6f0;  alias, 1 drivers
v000001f0402fcc00_0 .net "in2", 0 0, L_000001f040307430;  alias, 1 drivers
v000001f0402fb9e0_0 .net "sum", 0 0, L_000001f04029ca70;  alias, 1 drivers
S_000001f0402fd400 .scope module, "half_adder_st2" "half_adder" 3 35, 3 18 0, S_000001f0402924d0;
 .timescale -3 -12;
    .port_info 0 /INPUT 1 "in1";
    .port_info 1 /INPUT 1 "in2";
    .port_info 2 /OUTPUT 1 "sum";
    .port_info 3 /OUTPUT 1 "c";
L_000001f04029cf40 .functor XOR 1, L_000001f040307820, L_000001f0403070b0, C4<0>, C4<0>;
L_000001f04029d3a0 .functor AND 1, L_000001f040307820, L_000001f0403070b0, C4<1>, C4<1>;
v000001f0402fc840_0 .net "c", 0 0, L_000001f04029d3a0;  alias, 1 drivers
v000001f0402fb580_0 .net "in1", 0 0, L_000001f040307820;  alias, 1 drivers
v000001f0402fb6c0_0 .net "in2", 0 0, L_000001f0403070b0;  alias, 1 drivers
v000001f0402fba80_0 .net "sum", 0 0, L_000001f04029cf40;  alias, 1 drivers
S_000001f0402fd590 .scope module, "FA_block3" "full_adder" 2 14, 3 28 0, S_000001f040275810;
 .timescale -3 -12;
    .port_info 0 /INPUT 1 "A";
    .port_info 1 /INPUT 1 "B";
    .port_info 2 /INPUT 1 "C_in";
    .port_info 3 /OUTPUT 1 "Sum";
    .port_info 4 /OUTPUT 1 "C_out";
L_000001f040307190 .functor BUFZ 1, L_000001f040305b20, C4<0>, C4<0>, C4<0>;
L_000001f0403079e0 .functor BUFZ 1, L_000001f0403058a0, C4<0>, C4<0>, C4<0>;
L_000001f040306e80 .functor BUFZ 1, L_000001f040305300, C4<0>, C4<0>, C4<0>;
L_000001f040306f60 .functor BUFZ 1, L_000001f0403074a0, C4<0>, C4<0>, C4<0>;
L_000001f040307cf0 .functor BUFZ 1, L_000001f040307c80, C4<0>, C4<0>, C4<0>;
L_000001f040307270 .functor OR 1, L_000001f040307510, L_000001f040307900, C4<0>, C4<0>;
v000001f0402ff2f0_0 .net "A", 0 0, L_000001f040305b20;  1 drivers
v000001f0402fea30_0 .net "B", 0 0, L_000001f0403058a0;  1 drivers
v000001f0402fda90_0 .net "C_in", 0 0, L_000001f040305300;  1 drivers
v000001f0402fe850_0 .net "C_out", 0 0, L_000001f040307270;  1 drivers
v000001f0402fe710_0 .net "Sum", 0 0, L_000001f040307cf0;  1 drivers
v000001f0402fe8f0_0 .net "st1_c_out", 0 0, L_000001f040307510;  1 drivers
v000001f0402feb70_0 .net "st1_in1", 0 0, L_000001f040307190;  1 drivers
v000001f0402fef30_0 .net "st1_in2", 0 0, L_000001f0403079e0;  1 drivers
v000001f0402fde50_0 .net "st1_sum", 0 0, L_000001f0403074a0;  1 drivers
v000001f0402fe990_0 .net "st2_c_out", 0 0, L_000001f040307900;  1 drivers
v000001f0402fead0_0 .net "st2_in1", 0 0, L_000001f040306e80;  1 drivers
v000001f0402fe5d0_0 .net "st2_in2", 0 0, L_000001f040306f60;  1 drivers
v000001f0402ff430_0 .net "st2_sum", 0 0, L_000001f040307c80;  1 drivers
S_000001f0402fd720 .scope module, "half_adder_st1" "half_adder" 3 33, 3 18 0, S_000001f0402fd590;
 .timescale -3 -12;
    .port_info 0 /INPUT 1 "in1";
    .port_info 1 /INPUT 1 "in2";
    .port_info 2 /OUTPUT 1 "sum";
    .port_info 3 /OUTPUT 1 "c";
L_000001f0403074a0 .functor XOR 1, L_000001f040307190, L_000001f0403079e0, C4<0>, C4<0>;
L_000001f040307510 .functor AND 1, L_000001f040307190, L_000001f0403079e0, C4<1>, C4<1>;
v000001f0402fd1a0_0 .net "c", 0 0, L_000001f040307510;  alias, 1 drivers
v000001f0402fc980_0 .net "in1", 0 0, L_000001f040307190;  alias, 1 drivers
v000001f0402fd240_0 .net "in2", 0 0, L_000001f0403079e0;  alias, 1 drivers
v000001f0402fb4e0_0 .net "sum", 0 0, L_000001f0403074a0;  alias, 1 drivers
S_000001f0402fd8b0 .scope module, "half_adder_st2" "half_adder" 3 35, 3 18 0, S_000001f0402fd590;
 .timescale -3 -12;
    .port_info 0 /INPUT 1 "in1";
    .port_info 1 /INPUT 1 "in2";
    .port_info 2 /OUTPUT 1 "sum";
    .port_info 3 /OUTPUT 1 "c";
L_000001f040307c80 .functor XOR 1, L_000001f040306e80, L_000001f040306f60, C4<0>, C4<0>;
L_000001f040307900 .functor AND 1, L_000001f040306e80, L_000001f040306f60, C4<1>, C4<1>;
v000001f0402fbee0_0 .net "c", 0 0, L_000001f040307900;  alias, 1 drivers
v000001f0402fe490_0 .net "in1", 0 0, L_000001f040306e80;  alias, 1 drivers
v000001f0402ff070_0 .net "in2", 0 0, L_000001f040306f60;  alias, 1 drivers
v000001f0402fe030_0 .net "sum", 0 0, L_000001f040307c80;  alias, 1 drivers
S_000001f04029b480 .scope module, "FA_block4" "full_adder" 2 15, 3 28 0, S_000001f040275810;
 .timescale -3 -12;
    .port_info 0 /INPUT 1 "A";
    .port_info 1 /INPUT 1 "B";
    .port_info 2 /INPUT 1 "C_in";
    .port_info 3 /OUTPUT 1 "Sum";
    .port_info 4 /OUTPUT 1 "C_out";
L_000001f0403072e0 .functor BUFZ 1, L_000001f040306840, C4<0>, C4<0>, C4<0>;
L_000001f040307350 .functor BUFZ 1, L_000001f040305d00, C4<0>, C4<0>, C4<0>;
L_000001f040307ba0 .functor BUFZ 1, L_000001f040306ca0, C4<0>, C4<0>, C4<0>;
L_000001f0403077b0 .functor BUFZ 1, L_000001f040306e10, C4<0>, C4<0>, C4<0>;
L_000001f040306fd0 .functor BUFZ 1, L_000001f040307970, C4<0>, C4<0>, C4<0>;
L_000001f040307580 .functor OR 1, L_000001f040307ac0, L_000001f040307b30, C4<0>, C4<0>;
v000001f0402fdb30_0 .net "A", 0 0, L_000001f040306840;  1 drivers
v000001f0402fdef0_0 .net "B", 0 0, L_000001f040305d00;  1 drivers
v000001f0402fecb0_0 .net "C_in", 0 0, L_000001f040306ca0;  1 drivers
v000001f0402fdbd0_0 .net "C_out", 0 0, L_000001f040307580;  1 drivers
v000001f0402fe0d0_0 .net "Sum", 0 0, L_000001f040306fd0;  1 drivers
v000001f0402fe670_0 .net "st1_c_out", 0 0, L_000001f040307ac0;  1 drivers
v000001f0402fe7b0_0 .net "st1_in1", 0 0, L_000001f0403072e0;  1 drivers
v000001f0402fed50_0 .net "st1_in2", 0 0, L_000001f040307350;  1 drivers
v000001f0402ff7f0_0 .net "st1_sum", 0 0, L_000001f040306e10;  1 drivers
v000001f0402ff250_0 .net "st2_c_out", 0 0, L_000001f040307b30;  1 drivers
v000001f0402fedf0_0 .net "st2_in1", 0 0, L_000001f040307ba0;  1 drivers
v000001f0402ff390_0 .net "st2_in2", 0 0, L_000001f0403077b0;  1 drivers
v000001f0402fee90_0 .net "st2_sum", 0 0, L_000001f040307970;  1 drivers
S_000001f04029b610 .scope module, "half_adder_st1" "half_adder" 3 33, 3 18 0, S_000001f04029b480;
 .timescale -3 -12;
    .port_info 0 /INPUT 1 "in1";
    .port_info 1 /INPUT 1 "in2";
    .port_info 2 /OUTPUT 1 "sum";
    .port_info 3 /OUTPUT 1 "c";
L_000001f040306e10 .functor XOR 1, L_000001f0403072e0, L_000001f040307350, C4<0>, C4<0>;
L_000001f040307ac0 .functor AND 1, L_000001f0403072e0, L_000001f040307350, C4<1>, C4<1>;
v000001f0402fec10_0 .net "c", 0 0, L_000001f040307ac0;  alias, 1 drivers
v000001f0402ff930_0 .net "in1", 0 0, L_000001f0403072e0;  alias, 1 drivers
v000001f0402fe530_0 .net "in2", 0 0, L_000001f040307350;  alias, 1 drivers
v000001f0402ff110_0 .net "sum", 0 0, L_000001f040306e10;  alias, 1 drivers
S_000001f040300a60 .scope module, "half_adder_st2" "half_adder" 3 35, 3 18 0, S_000001f04029b480;
 .timescale -3 -12;
    .port_info 0 /INPUT 1 "in1";
    .port_info 1 /INPUT 1 "in2";
    .port_info 2 /OUTPUT 1 "sum";
    .port_info 3 /OUTPUT 1 "c";
L_000001f040307970 .functor XOR 1, L_000001f040307ba0, L_000001f0403077b0, C4<0>, C4<0>;
L_000001f040307b30 .functor AND 1, L_000001f040307ba0, L_000001f0403077b0, C4<1>, C4<1>;
v000001f0402ff570_0 .net "c", 0 0, L_000001f040307b30;  alias, 1 drivers
v000001f0402ff610_0 .net "in1", 0 0, L_000001f040307ba0;  alias, 1 drivers
v000001f0402ff1b0_0 .net "in2", 0 0, L_000001f0403077b0;  alias, 1 drivers
v000001f0402fdd10_0 .net "sum", 0 0, L_000001f040307970;  alias, 1 drivers
S_000001f040300bf0 .scope module, "FA_block5" "full_adder" 2 16, 3 28 0, S_000001f040275810;
 .timescale -3 -12;
    .port_info 0 /INPUT 1 "A";
    .port_info 1 /INPUT 1 "B";
    .port_info 2 /INPUT 1 "C_in";
    .port_info 3 /OUTPUT 1 "Sum";
    .port_info 4 /OUTPUT 1 "C_out";
L_000001f040307120 .functor BUFZ 1, L_000001f0403068e0, C4<0>, C4<0>, C4<0>;
L_000001f040307660 .functor BUFZ 1, L_000001f040305760, C4<0>, C4<0>, C4<0>;
L_000001f040307890 .functor BUFZ 1, L_000001f040305580, C4<0>, C4<0>, C4<0>;
L_000001f0403076d0 .functor BUFZ 1, L_000001f0403073c0, C4<0>, C4<0>, C4<0>;
L_000001f040307a50 .functor BUFZ 1, L_000001f040307040, C4<0>, C4<0>, C4<0>;
L_000001f040307740 .functor OR 1, L_000001f040306ef0, L_000001f0403075f0, C4<0>, C4<0>;
v000001f0402fdf90_0 .net "A", 0 0, L_000001f0403068e0;  1 drivers
v000001f0402fe170_0 .net "B", 0 0, L_000001f040305760;  1 drivers
v000001f0402fe210_0 .net "C_in", 0 0, L_000001f040305580;  1 drivers
v000001f0402fe2b0_0 .net "C_out", 0 0, L_000001f040307740;  1 drivers
v000001f0402fe3f0_0 .net "Sum", 0 0, L_000001f040307a50;  1 drivers
v000001f040303a00_0 .net "st1_c_out", 0 0, L_000001f040306ef0;  1 drivers
v000001f040303000_0 .net "st1_in1", 0 0, L_000001f040307120;  1 drivers
v000001f040302100_0 .net "st1_in2", 0 0, L_000001f040307660;  1 drivers
v000001f040303640_0 .net "st1_sum", 0 0, L_000001f0403073c0;  1 drivers
v000001f0403038c0_0 .net "st2_c_out", 0 0, L_000001f0403075f0;  1 drivers
v000001f040303500_0 .net "st2_in1", 0 0, L_000001f040307890;  1 drivers
v000001f0403022e0_0 .net "st2_in2", 0 0, L_000001f0403076d0;  1 drivers
v000001f0403035a0_0 .net "st2_sum", 0 0, L_000001f040307040;  1 drivers
S_000001f0403015a0 .scope module, "half_adder_st1" "half_adder" 3 33, 3 18 0, S_000001f040300bf0;
 .timescale -3 -12;
    .port_info 0 /INPUT 1 "in1";
    .port_info 1 /INPUT 1 "in2";
    .port_info 2 /OUTPUT 1 "sum";
    .port_info 3 /OUTPUT 1 "c";
L_000001f0403073c0 .functor XOR 1, L_000001f040307120, L_000001f040307660, C4<0>, C4<0>;
L_000001f040306ef0 .functor AND 1, L_000001f040307120, L_000001f040307660, C4<1>, C4<1>;
v000001f0402fe350_0 .net "c", 0 0, L_000001f040306ef0;  alias, 1 drivers
v000001f0402ff4d0_0 .net "in1", 0 0, L_000001f040307120;  alias, 1 drivers
v000001f0402ff890_0 .net "in2", 0 0, L_000001f040307660;  alias, 1 drivers
v000001f0402ff6b0_0 .net "sum", 0 0, L_000001f0403073c0;  alias, 1 drivers
S_000001f040301410 .scope module, "half_adder_st2" "half_adder" 3 35, 3 18 0, S_000001f040300bf0;
 .timescale -3 -12;
    .port_info 0 /INPUT 1 "in1";
    .port_info 1 /INPUT 1 "in2";
    .port_info 2 /OUTPUT 1 "sum";
    .port_info 3 /OUTPUT 1 "c";
L_000001f040307040 .functor XOR 1, L_000001f040307890, L_000001f0403076d0, C4<0>, C4<0>;
L_000001f0403075f0 .functor AND 1, L_000001f040307890, L_000001f0403076d0, C4<1>, C4<1>;
v000001f0402ff750_0 .net "c", 0 0, L_000001f0403075f0;  alias, 1 drivers
v000001f0402fdc70_0 .net "in1", 0 0, L_000001f040307890;  alias, 1 drivers
v000001f0402fefd0_0 .net "in2", 0 0, L_000001f0403076d0;  alias, 1 drivers
v000001f0402fddb0_0 .net "sum", 0 0, L_000001f040307040;  alias, 1 drivers
S_000001f040301280 .scope module, "FA_block6" "full_adder" 2 17, 3 28 0, S_000001f040275810;
 .timescale -3 -12;
    .port_info 0 /INPUT 1 "A";
    .port_info 1 /INPUT 1 "B";
    .port_info 2 /INPUT 1 "C_in";
    .port_info 3 /OUTPUT 1 "Sum";
    .port_info 4 /OUTPUT 1 "C_out";
L_000001f04030b150 .functor BUFZ 1, L_000001f040305f80, C4<0>, C4<0>, C4<0>;
L_000001f04030b1c0 .functor BUFZ 1, L_000001f040306020, C4<0>, C4<0>, C4<0>;
L_000001f04030b540 .functor BUFZ 1, L_000001f040304e00, C4<0>, C4<0>, C4<0>;
L_000001f04030bb60 .functor BUFZ 1, L_000001f04030b4d0, C4<0>, C4<0>, C4<0>;
L_000001f04030b460 .functor BUFZ 1, L_000001f04030ae40, C4<0>, C4<0>, C4<0>;
L_000001f04030b0e0 .functor OR 1, L_000001f04030b070, L_000001f04030b850, C4<0>, C4<0>;
v000001f040302880_0 .net "A", 0 0, L_000001f040305f80;  1 drivers
v000001f040301de0_0 .net "B", 0 0, L_000001f040306020;  1 drivers
v000001f040302d80_0 .net "C_in", 0 0, L_000001f040304e00;  1 drivers
v000001f0403030a0_0 .net "C_out", 0 0, L_000001f04030b0e0;  1 drivers
v000001f040303780_0 .net "Sum", 0 0, L_000001f04030b460;  1 drivers
v000001f040303c80_0 .net "st1_c_out", 0 0, L_000001f04030b070;  1 drivers
v000001f040302f60_0 .net "st1_in1", 0 0, L_000001f04030b150;  1 drivers
v000001f0403027e0_0 .net "st1_in2", 0 0, L_000001f04030b1c0;  1 drivers
v000001f040302c40_0 .net "st1_sum", 0 0, L_000001f04030b4d0;  1 drivers
v000001f040303960_0 .net "st2_c_out", 0 0, L_000001f04030b850;  1 drivers
v000001f040303140_0 .net "st2_in1", 0 0, L_000001f04030b540;  1 drivers
v000001f040302240_0 .net "st2_in2", 0 0, L_000001f04030bb60;  1 drivers
v000001f040301f20_0 .net "st2_sum", 0 0, L_000001f04030ae40;  1 drivers
S_000001f040301730 .scope module, "half_adder_st1" "half_adder" 3 33, 3 18 0, S_000001f040301280;
 .timescale -3 -12;
    .port_info 0 /INPUT 1 "in1";
    .port_info 1 /INPUT 1 "in2";
    .port_info 2 /OUTPUT 1 "sum";
    .port_info 3 /OUTPUT 1 "c";
L_000001f04030b4d0 .functor XOR 1, L_000001f04030b150, L_000001f04030b1c0, C4<0>, C4<0>;
L_000001f04030b070 .functor AND 1, L_000001f04030b150, L_000001f04030b1c0, C4<1>, C4<1>;
v000001f040302740_0 .net "c", 0 0, L_000001f04030b070;  alias, 1 drivers
v000001f040301e80_0 .net "in1", 0 0, L_000001f04030b150;  alias, 1 drivers
v000001f0403021a0_0 .net "in2", 0 0, L_000001f04030b1c0;  alias, 1 drivers
v000001f0403036e0_0 .net "sum", 0 0, L_000001f04030b4d0;  alias, 1 drivers
S_000001f0403018c0 .scope module, "half_adder_st2" "half_adder" 3 35, 3 18 0, S_000001f040301280;
 .timescale -3 -12;
    .port_info 0 /INPUT 1 "in1";
    .port_info 1 /INPUT 1 "in2";
    .port_info 2 /OUTPUT 1 "sum";
    .port_info 3 /OUTPUT 1 "c";
L_000001f04030ae40 .functor XOR 1, L_000001f04030b540, L_000001f04030bb60, C4<0>, C4<0>;
L_000001f04030b850 .functor AND 1, L_000001f04030b540, L_000001f04030bb60, C4<1>, C4<1>;
v000001f040303be0_0 .net "c", 0 0, L_000001f04030b850;  alias, 1 drivers
v000001f040303320_0 .net "in1", 0 0, L_000001f04030b540;  alias, 1 drivers
v000001f0403024c0_0 .net "in2", 0 0, L_000001f04030bb60;  alias, 1 drivers
v000001f040303820_0 .net "sum", 0 0, L_000001f04030ae40;  alias, 1 drivers
S_000001f040301a50 .scope module, "FA_block7" "full_adder" 2 18, 3 28 0, S_000001f040275810;
 .timescale -3 -12;
    .port_info 0 /INPUT 1 "A";
    .port_info 1 /INPUT 1 "B";
    .port_info 2 /INPUT 1 "C_in";
    .port_info 3 /OUTPUT 1 "Sum";
    .port_info 4 /OUTPUT 1 "C_out";
L_000001f04030b8c0 .functor BUFZ 1, L_000001f0403056c0, C4<0>, C4<0>, C4<0>;
L_000001f04030b9a0 .functor BUFZ 1, L_000001f040305260, C4<0>, C4<0>, C4<0>;
L_000001f04030b690 .functor BUFZ 1, L_000001f040306c00, C4<0>, C4<0>, C4<0>;
L_000001f04030b5b0 .functor BUFZ 1, L_000001f04030af20, C4<0>, C4<0>, C4<0>;
L_000001f04030af90 .functor BUFZ 1, L_000001f04030b930, C4<0>, C4<0>, C4<0>;
L_000001f04030b000 .functor OR 1, L_000001f04030b230, L_000001f04030bbd0, C4<0>, C4<0>;
v000001f040303280_0 .net "A", 0 0, L_000001f0403056c0;  1 drivers
v000001f040301fc0_0 .net "B", 0 0, L_000001f040305260;  1 drivers
v000001f040302060_0 .net "C_in", 0 0, L_000001f040306c00;  1 drivers
v000001f040302380_0 .net "C_out", 0 0, L_000001f04030b000;  1 drivers
v000001f040303460_0 .net "Sum", 0 0, L_000001f04030af90;  1 drivers
v000001f040302420_0 .net "st1_c_out", 0 0, L_000001f04030b230;  1 drivers
v000001f040302560_0 .net "st1_in1", 0 0, L_000001f04030b8c0;  1 drivers
v000001f040302600_0 .net "st1_in2", 0 0, L_000001f04030b9a0;  1 drivers
v000001f0403026a0_0 .net "st1_sum", 0 0, L_000001f04030af20;  1 drivers
v000001f040302a60_0 .net "st2_c_out", 0 0, L_000001f04030bbd0;  1 drivers
v000001f040302b00_0 .net "st2_in1", 0 0, L_000001f04030b690;  1 drivers
v000001f040302ba0_0 .net "st2_in2", 0 0, L_000001f04030b5b0;  1 drivers
v000001f040302e20_0 .net "st2_sum", 0 0, L_000001f04030b930;  1 drivers
S_000001f040300f60 .scope module, "half_adder_st1" "half_adder" 3 33, 3 18 0, S_000001f040301a50;
 .timescale -3 -12;
    .port_info 0 /INPUT 1 "in1";
    .port_info 1 /INPUT 1 "in2";
    .port_info 2 /OUTPUT 1 "sum";
    .port_info 3 /OUTPUT 1 "c";
L_000001f04030af20 .functor XOR 1, L_000001f04030b8c0, L_000001f04030b9a0, C4<0>, C4<0>;
L_000001f04030b230 .functor AND 1, L_000001f04030b8c0, L_000001f04030b9a0, C4<1>, C4<1>;
v000001f040302920_0 .net "c", 0 0, L_000001f04030b230;  alias, 1 drivers
v000001f0403033c0_0 .net "in1", 0 0, L_000001f04030b8c0;  alias, 1 drivers
v000001f040302ec0_0 .net "in2", 0 0, L_000001f04030b9a0;  alias, 1 drivers
v000001f040302ce0_0 .net "sum", 0 0, L_000001f04030af20;  alias, 1 drivers
S_000001f040301be0 .scope module, "half_adder_st2" "half_adder" 3 35, 3 18 0, S_000001f040301a50;
 .timescale -3 -12;
    .port_info 0 /INPUT 1 "in1";
    .port_info 1 /INPUT 1 "in2";
    .port_info 2 /OUTPUT 1 "sum";
    .port_info 3 /OUTPUT 1 "c";
L_000001f04030b930 .functor XOR 1, L_000001f04030b690, L_000001f04030b5b0, C4<0>, C4<0>;
L_000001f04030bbd0 .functor AND 1, L_000001f04030b690, L_000001f04030b5b0, C4<1>, C4<1>;
v000001f0403029c0_0 .net "c", 0 0, L_000001f04030bbd0;  alias, 1 drivers
v000001f040303b40_0 .net "in1", 0 0, L_000001f04030b690;  alias, 1 drivers
v000001f0403031e0_0 .net "in2", 0 0, L_000001f04030b5b0;  alias, 1 drivers
v000001f040303aa0_0 .net "sum", 0 0, L_000001f04030b930;  alias, 1 drivers
# The file index is used to find the file name in the following table.
:file_names 4;
    "N/A";
    "<interactive>";
    "adder_8bits.v";
    "./full_adder.v";
