#! /c/Source/iverilog-install/bin/vvp
:ivl_version "12.0 (devel)" "(s20150603-1539-g2693dd32b)";
:ivl_delay_selection "TYPICAL";
:vpi_time_precision - 12;
:vpi_module "C:\iverilog\lib\ivl\system.vpi";
:vpi_module "C:\iverilog\lib\ivl\vhdl_sys.vpi";
:vpi_module "C:\iverilog\lib\ivl\vhdl_textio.vpi";
:vpi_module "C:\iverilog\lib\ivl\v2005_math.vpi";
:vpi_module "C:\iverilog\lib\ivl\va_math.vpi";
S_0000019af51557a0 .scope module, "full_adder" "full_adder" 2 29;
 .timescale -9 -12;
    .port_info 0 /INPUT 1 "FA_in1";
    .port_info 1 /INPUT 1 "FA_in2";
    .port_info 2 /INPUT 1 "FA_cin";
    .port_info 3 /OUTPUT 1 "FA_sum";
    .port_info 4 /OUTPUT 1 "FA_cout";
o0000019af5157338 .functor BUFZ 1, C4<z>; HiZ drive
L_0000019af5153fc0 .functor BUFZ 1, o0000019af5157338, C4<0>, C4<0>, C4<0>;
o0000019af5157368 .functor BUFZ 1, C4<z>; HiZ drive
L_0000019af51540c0 .functor BUFZ 1, o0000019af5157368, C4<0>, C4<0>, C4<0>;
o0000019af51572d8 .functor BUFZ 1, C4<z>; HiZ drive
L_0000019af51541c0 .functor BUFZ 1, o0000019af51572d8, C4<0>, C4<0>, C4<0>;
L_0000019af51542c0 .functor BUFZ 1, L_0000019af5096c60, C4<0>, C4<0>, C4<0>;
L_0000019af51543c0 .functor BUFZ 1, L_0000019af5153ee0, C4<0>, C4<0>, C4<0>;
L_0000019af5154430 .functor OR 1, L_0000019af5096dc0, L_0000019af5153f50, C4<0>, C4<0>;
v0000019af5199e30_0 .net "FA_cin", 0 0, o0000019af51572d8;  0 drivers
v0000019af5199ed0_0 .net "FA_cout", 0 0, L_0000019af5154430;  1 drivers
v0000019af5153db0_0 .net "FA_in1", 0 0, o0000019af5157338;  0 drivers
v0000019af519a420_0 .net "FA_in2", 0 0, o0000019af5157368;  0 drivers
v0000019af5199fc0_0 .net "FA_sum", 0 0, L_0000019af51543c0;  1 drivers
v0000019af519aba0_0 .net "st1_HA_in1", 0 0, L_0000019af5153fc0;  1 drivers
v0000019af519a1a0_0 .net "st1_HA_in2", 0 0, L_0000019af51540c0;  1 drivers
v0000019af519ace0_0 .net "st1_c_out", 0 0, L_0000019af5096dc0;  1 drivers
v0000019af519a240_0 .net "st1_sum", 0 0, L_0000019af5096c60;  1 drivers
v0000019af519a2e0_0 .net "st2_HA_in1", 0 0, L_0000019af51541c0;  1 drivers
v0000019af519a600_0 .net "st2_HA_in2", 0 0, L_0000019af51542c0;  1 drivers
v0000019af519a6a0_0 .net "st2_c_out", 0 0, L_0000019af5153f50;  1 drivers
v0000019af519ae20_0 .net "st2_sum", 0 0, L_0000019af5153ee0;  1 drivers
S_0000019af5155930 .scope module, "half_adder_st1" "half_adder" 2 34, 3 10 0, S_0000019af51557a0;
 .timescale -9 -12;
    .port_info 0 /INPUT 1 "HA_in1";
    .port_info 1 /INPUT 1 "HA_in2";
    .port_info 2 /OUTPUT 1 "HA_sum";
    .port_info 3 /OUTPUT 1 "HA_cout";
L_0000019af5096c60 .functor XOR 1, L_0000019af5153fc0, L_0000019af51540c0, C4<0>, C4<0>;
L_0000019af5096dc0 .functor AND 1, L_0000019af5153fc0, L_0000019af51540c0, C4<1>, C4<1>;
v0000019af50963c0_0 .net "HA_cout", 0 0, L_0000019af5096dc0;  alias, 1 drivers
v0000019af5199840_0 .net "HA_in1", 0 0, L_0000019af5153fc0;  alias, 1 drivers
v0000019af51998e0_0 .net "HA_in2", 0 0, L_0000019af51540c0;  alias, 1 drivers
v0000019af5199980_0 .net "HA_sum", 0 0, L_0000019af5096c60;  alias, 1 drivers
S_0000019af5199a20 .scope module, "half_adder_st2" "half_adder" 2 36, 3 10 0, S_0000019af51557a0;
 .timescale -9 -12;
    .port_info 0 /INPUT 1 "HA_in1";
    .port_info 1 /INPUT 1 "HA_in2";
    .port_info 2 /OUTPUT 1 "HA_sum";
    .port_info 3 /OUTPUT 1 "HA_cout";
L_0000019af5153ee0 .functor XOR 1, L_0000019af51541c0, L_0000019af51542c0, C4<0>, C4<0>;
L_0000019af5153f50 .functor AND 1, L_0000019af51541c0, L_0000019af51542c0, C4<1>, C4<1>;
v0000019af5199bb0_0 .net "HA_cout", 0 0, L_0000019af5153f50;  alias, 1 drivers
v0000019af5199c50_0 .net "HA_in1", 0 0, L_0000019af51541c0;  alias, 1 drivers
v0000019af5199cf0_0 .net "HA_in2", 0 0, L_0000019af51542c0;  alias, 1 drivers
v0000019af5199d90_0 .net "HA_sum", 0 0, L_0000019af5153ee0;  alias, 1 drivers
# The file index is used to find the file name in the following table.
:file_names 4;
    "N/A";
    "<interactive>";
    "full_adder.v";
    "./half_adder.v";
