#! /c/Source/iverilog-install/bin/vvp
:ivl_version "12.0 (devel)" "(s20150603-1539-g2693dd32b)";
:ivl_delay_selection "TYPICAL";
:vpi_time_precision - 12;
:vpi_module "C:\iverilog\lib\ivl\system.vpi";
:vpi_module "C:\iverilog\lib\ivl\vhdl_sys.vpi";
:vpi_module "C:\iverilog\lib\ivl\vhdl_textio.vpi";
:vpi_module "C:\iverilog\lib\ivl\v2005_math.vpi";
:vpi_module "C:\iverilog\lib\ivl\va_math.vpi";
S_00000187ce286c90 .scope module, "half_adder" "half_adder" 2 10;
 .timescale -9 -12;
    .port_info 0 /INPUT 1 "HA_in1";
    .port_info 1 /INPUT 1 "HA_in2";
    .port_info 2 /OUTPUT 1 "HA_sum";
    .port_info 3 /OUTPUT 1 "HA_cout";
o00000187ce286ef8 .functor BUFZ 1, C4<z>; HiZ drive
o00000187ce286f28 .functor BUFZ 1, C4<z>; HiZ drive
L_00000187ce1c6c20 .functor XOR 1, o00000187ce286ef8, o00000187ce286f28, C4<0>, C4<0>;
L_00000187ce1c6d80 .functor AND 1, o00000187ce286ef8, o00000187ce286f28, C4<1>, C4<1>;
v00000187ce286e20_0 .net "HA_cout", 0 0, L_00000187ce1c6d80;  1 drivers
v00000187ce1c6780_0 .net "HA_in1", 0 0, o00000187ce286ef8;  0 drivers
v00000187ce1ceed0_0 .net "HA_in2", 0 0, o00000187ce286f28;  0 drivers
v00000187ce2806e0_0 .net "HA_sum", 0 0, L_00000187ce1c6c20;  1 drivers
# The file index is used to find the file name in the following table.
:file_names 3;
    "N/A";
    "<interactive>";
    "half_adder.v";
