#! /c/Source/iverilog-install/bin/vvp
:ivl_version "12.0 (devel)" "(s20150603-1539-g2693dd32b)";
:ivl_delay_selection "TYPICAL";
:vpi_time_precision - 12;
:vpi_module "C:\iverilog\lib\ivl\system.vpi";
:vpi_module "C:\iverilog\lib\ivl\vhdl_sys.vpi";
:vpi_module "C:\iverilog\lib\ivl\vhdl_textio.vpi";
:vpi_module "C:\iverilog\lib\ivl\v2005_math.vpi";
:vpi_module "C:\iverilog\lib\ivl\va_math.vpi";
S_000002151b20a3e0 .scope module, "tb_adder_8bits" "tb_adder_8bits" 2 4;
 .timescale -9 -12;
v000002151b262070_0 .var "tb_adder_cin", 7 0;
v000002151b2630b0_0 .net "tb_adder_cout", 7 0, L_000002151b2622f0;  1 drivers
v000002151b263510_0 .var "tb_adder_in1", 7 0;
v000002151b263bf0_0 .var "tb_adder_in2", 7 0;
v000002151b263010_0 .net "tb_adder_sum", 7 0, L_000002151b262110;  1 drivers
S_000002151b1df2c0 .scope module, "uut" "adder_8bits" 2 9, 3 4 0, S_000002151b20a3e0;
 .timescale -9 -12;
    .port_info 0 /INPUT 8 "Adder_in1";
    .port_info 1 /INPUT 8 "Adder_in2";
    .port_info 2 /INPUT 8 "Adder_cin";
    .port_info 3 /OUTPUT 8 "Adder_sum";
    .port_info 4 /OUTPUT 8 "Adder_cout";
RS_000002151b20d138 .resolv tri, L_000002151b26c530, L_000002151b26c850, L_000002151b26c7b0, L_000002151b26dc50, L_000002151b26cad0, L_000002151b26cc10, L_000002151b26d750, v000002151b262070_0;
v000002151b262ed0_0 .net8 "Adder_cin", 7 0, RS_000002151b20d138;  8 drivers
v000002151b261f30_0 .net "Adder_cout", 7 0, L_000002151b2622f0;  alias, 1 drivers
v000002151b262890_0 .net "Adder_in1", 7 0, v000002151b263510_0;  1 drivers
v000002151b2624d0_0 .net "Adder_in2", 7 0, v000002151b263bf0_0;  1 drivers
v000002151b263b50_0 .net "Adder_sum", 7 0, L_000002151b262110;  alias, 1 drivers
v000002151b263830_0 .net *"_ivl_101", 0 0, L_000002151b26d070;  1 drivers
v000002151b263470_0 .net *"_ivl_105", 0 0, L_000002151b26d430;  1 drivers
v000002151b2629d0_0 .net *"_ivl_109", 0 0, L_000002151b26c5d0;  1 drivers
v000002151b262cf0_0 .net *"_ivl_85", 0 0, L_000002151b26cf30;  1 drivers
v000002151b2636f0_0 .net *"_ivl_89", 0 0, L_000002151b26c8f0;  1 drivers
v000002151b262610_0 .net *"_ivl_93", 0 0, L_000002151b26d9d0;  1 drivers
v000002151b262750_0 .net *"_ivl_97", 0 0, L_000002151b26c0d0;  1 drivers
L_000002151b2621b0 .part v000002151b263510_0, 0, 1;
L_000002151b262570 .part v000002151b263bf0_0, 0, 1;
L_000002151b262d90 .part RS_000002151b20d138, 0, 1;
L_000002151b261fd0 .part v000002151b263510_0, 1, 1;
L_000002151b262e30 .part v000002151b263bf0_0, 1, 1;
L_000002151b262f70 .part RS_000002151b20d138, 1, 1;
L_000002151b2633d0 .part v000002151b263510_0, 2, 1;
L_000002151b262bb0 .part v000002151b263bf0_0, 2, 1;
L_000002151b263790 .part RS_000002151b20d138, 2, 1;
L_000002151b263ab0 .part v000002151b263510_0, 3, 1;
L_000002151b2626b0 .part v000002151b263bf0_0, 3, 1;
L_000002151b263150 .part RS_000002151b20d138, 3, 1;
L_000002151b263330 .part v000002151b263510_0, 4, 1;
L_000002151b263650 .part v000002151b263bf0_0, 4, 1;
L_000002151b2627f0 .part RS_000002151b20d138, 4, 1;
L_000002151b262a70 .part v000002151b263510_0, 5, 1;
L_000002151b262b10 .part v000002151b263bf0_0, 5, 1;
L_000002151b2631f0 .part RS_000002151b20d138, 5, 1;
L_000002151b263a10 .part v000002151b263510_0, 6, 1;
L_000002151b262250 .part v000002151b263bf0_0, 6, 1;
L_000002151b263c90 .part RS_000002151b20d138, 6, 1;
L_000002151b262c50 .part v000002151b263510_0, 7, 1;
L_000002151b263d30 .part v000002151b263bf0_0, 7, 1;
L_000002151b263290 .part RS_000002151b20d138, 7, 1;
LS_000002151b262110_0_0 .concat8 [ 1 1 1 1], L_000002151b266af0, L_000002151b266380, L_000002151b2667e0, L_000002151b268790;
LS_000002151b262110_0_4 .concat8 [ 1 1 1 1], L_000002151b268aa0, L_000002151b267f40, L_000002151b268950, L_000002151b269610;
L_000002151b262110 .concat8 [ 4 4 0 0], LS_000002151b262110_0_0, LS_000002151b262110_0_4;
LS_000002151b2622f0_0_0 .concat8 [ 1 1 1 1], L_000002151b266bd0, L_000002151b266850, L_000002151b266a80, L_000002151b268410;
LS_000002151b2622f0_0_4 .concat8 [ 1 1 1 1], L_000002151b268b80, L_000002151b268bf0, L_000002151b268cd0, L_000002151b269060;
L_000002151b2622f0 .concat8 [ 4 4 0 0], LS_000002151b2622f0_0_0, LS_000002151b2622f0_0_4;
L_000002151b26c530 .part/pv L_000002151b26cf30, 1, 1, 8;
L_000002151b26cf30 .part L_000002151b2622f0, 0, 1;
L_000002151b26c850 .part/pv L_000002151b26c8f0, 2, 1, 8;
L_000002151b26c8f0 .part L_000002151b2622f0, 1, 1;
L_000002151b26c7b0 .part/pv L_000002151b26d9d0, 3, 1, 8;
L_000002151b26d9d0 .part L_000002151b2622f0, 2, 1;
L_000002151b26dc50 .part/pv L_000002151b26c0d0, 4, 1, 8;
L_000002151b26c0d0 .part L_000002151b2622f0, 3, 1;
L_000002151b26cad0 .part/pv L_000002151b26d070, 5, 1, 8;
L_000002151b26d070 .part L_000002151b2622f0, 4, 1;
L_000002151b26cc10 .part/pv L_000002151b26d430, 6, 1, 8;
L_000002151b26d430 .part L_000002151b2622f0, 5, 1;
L_000002151b26d750 .part/pv L_000002151b26c5d0, 7, 1, 8;
L_000002151b26c5d0 .part L_000002151b2622f0, 6, 1;
S_000002151b1df450 .scope module, "FA_block0" "full_adder" 3 11, 4 29 0, S_000002151b1df2c0;
 .timescale -9 -12;
    .port_info 0 /INPUT 1 "FA_in1";
    .port_info 1 /INPUT 1 "FA_in2";
    .port_info 2 /INPUT 1 "FA_cin";
    .port_info 3 /OUTPUT 1 "FA_sum";
    .port_info 4 /OUTPUT 1 "FA_cout";
L_000002151b266b60 .functor BUFZ 1, L_000002151b2621b0, C4<0>, C4<0>, C4<0>;
L_000002151b266000 .functor BUFZ 1, L_000002151b262570, C4<0>, C4<0>, C4<0>;
L_000002151b2664d0 .functor BUFZ 1, L_000002151b262d90, C4<0>, C4<0>, C4<0>;
L_000002151b266070 .functor BUFZ 1, L_000002151b266540, C4<0>, C4<0>, C4<0>;
L_000002151b266af0 .functor BUFZ 1, L_000002151b2665b0, C4<0>, C4<0>, C4<0>;
L_000002151b266bd0 .functor OR 1, L_000002151b265f20, L_000002151b2661c0, C4<0>, C4<0>;
v000002151b1f1d20_0 .net "FA_cin", 0 0, L_000002151b262d90;  1 drivers
v000002151b1f1e60_0 .net "FA_cout", 0 0, L_000002151b266bd0;  1 drivers
v000002151b1f10a0_0 .net "FA_in1", 0 0, L_000002151b2621b0;  1 drivers
v000002151b25a480_0 .net "FA_in2", 0 0, L_000002151b262570;  1 drivers
v000002151b25a160_0 .net "FA_sum", 0 0, L_000002151b266af0;  1 drivers
v000002151b259ee0_0 .net "st1_HA_in1", 0 0, L_000002151b266b60;  1 drivers
v000002151b25a020_0 .net "st1_HA_in2", 0 0, L_000002151b266000;  1 drivers
v000002151b25a200_0 .net "st1_c_out", 0 0, L_000002151b265f20;  1 drivers
v000002151b25ad40_0 .net "st1_sum", 0 0, L_000002151b266540;  1 drivers
v000002151b25b7e0_0 .net "st2_HA_in1", 0 0, L_000002151b2664d0;  1 drivers
v000002151b25b6a0_0 .net "st2_HA_in2", 0 0, L_000002151b266070;  1 drivers
v000002151b259b20_0 .net "st2_c_out", 0 0, L_000002151b2661c0;  1 drivers
v000002151b25b060_0 .net "st2_sum", 0 0, L_000002151b2665b0;  1 drivers
S_000002151b1d5690 .scope module, "half_adder_st1" "half_adder" 4 34, 5 10 0, S_000002151b1df450;
 .timescale -9 -12;
    .port_info 0 /INPUT 1 "HA_in1";
    .port_info 1 /INPUT 1 "HA_in2";
    .port_info 2 /OUTPUT 1 "HA_sum";
    .port_info 3 /OUTPUT 1 "HA_cout";
L_000002151b266540 .functor XOR 1, L_000002151b266b60, L_000002151b266000, C4<0>, C4<0>;
L_000002151b265f20 .functor AND 1, L_000002151b266b60, L_000002151b266000, C4<1>, C4<1>;
v000002151b1fb160_0 .net "HA_cout", 0 0, L_000002151b265f20;  alias, 1 drivers
v000002151b1fb340_0 .net "HA_in1", 0 0, L_000002151b266b60;  alias, 1 drivers
v000002151b1fb660_0 .net "HA_in2", 0 0, L_000002151b266000;  alias, 1 drivers
v000002151b1fb7a0_0 .net "HA_sum", 0 0, L_000002151b266540;  alias, 1 drivers
S_000002151b1d5820 .scope module, "half_adder_st2" "half_adder" 4 36, 5 10 0, S_000002151b1df450;
 .timescale -9 -12;
    .port_info 0 /INPUT 1 "HA_in1";
    .port_info 1 /INPUT 1 "HA_in2";
    .port_info 2 /OUTPUT 1 "HA_sum";
    .port_info 3 /OUTPUT 1 "HA_cout";
L_000002151b2665b0 .functor XOR 1, L_000002151b2664d0, L_000002151b266070, C4<0>, C4<0>;
L_000002151b2661c0 .functor AND 1, L_000002151b2664d0, L_000002151b266070, C4<1>, C4<1>;
v000002151b1fba20_0 .net "HA_cout", 0 0, L_000002151b2661c0;  alias, 1 drivers
v000002151b1f1c80_0 .net "HA_in1", 0 0, L_000002151b2664d0;  alias, 1 drivers
v000002151b1f18c0_0 .net "HA_in2", 0 0, L_000002151b266070;  alias, 1 drivers
v000002151b1f1280_0 .net "HA_sum", 0 0, L_000002151b2665b0;  alias, 1 drivers
S_000002151b316440 .scope module, "FA_block1" "full_adder" 3 12, 4 29 0, S_000002151b1df2c0;
 .timescale -9 -12;
    .port_info 0 /INPUT 1 "FA_in1";
    .port_info 1 /INPUT 1 "FA_in2";
    .port_info 2 /INPUT 1 "FA_cin";
    .port_info 3 /OUTPUT 1 "FA_sum";
    .port_info 4 /OUTPUT 1 "FA_cout";
L_000002151b266cb0 .functor BUFZ 1, L_000002151b261fd0, C4<0>, C4<0>, C4<0>;
L_000002151b266d20 .functor BUFZ 1, L_000002151b262e30, C4<0>, C4<0>, C4<0>;
L_000002151b266230 .functor BUFZ 1, L_000002151b262f70, C4<0>, C4<0>, C4<0>;
L_000002151b266770 .functor BUFZ 1, L_000002151b2660e0, C4<0>, C4<0>, C4<0>;
L_000002151b266380 .functor BUFZ 1, L_000002151b266c40, C4<0>, C4<0>, C4<0>;
L_000002151b266850 .functor OR 1, L_000002151b265f90, L_000002151b2669a0, C4<0>, C4<0>;
v000002151b25a3e0_0 .net "FA_cin", 0 0, L_000002151b262f70;  1 drivers
v000002151b25a840_0 .net "FA_cout", 0 0, L_000002151b266850;  1 drivers
v000002151b259c60_0 .net "FA_in1", 0 0, L_000002151b261fd0;  1 drivers
v000002151b25a520_0 .net "FA_in2", 0 0, L_000002151b262e30;  1 drivers
v000002151b25a340_0 .net "FA_sum", 0 0, L_000002151b266380;  1 drivers
v000002151b259f80_0 .net "st1_HA_in1", 0 0, L_000002151b266cb0;  1 drivers
v000002151b25a700_0 .net "st1_HA_in2", 0 0, L_000002151b266d20;  1 drivers
v000002151b25a5c0_0 .net "st1_c_out", 0 0, L_000002151b265f90;  1 drivers
v000002151b25a7a0_0 .net "st1_sum", 0 0, L_000002151b2660e0;  1 drivers
v000002151b25b740_0 .net "st2_HA_in1", 0 0, L_000002151b266230;  1 drivers
v000002151b25b1a0_0 .net "st2_HA_in2", 0 0, L_000002151b266770;  1 drivers
v000002151b25a0c0_0 .net "st2_c_out", 0 0, L_000002151b2669a0;  1 drivers
v000002151b25b9c0_0 .net "st2_sum", 0 0, L_000002151b266c40;  1 drivers
S_000002151b3165d0 .scope module, "half_adder_st1" "half_adder" 4 34, 5 10 0, S_000002151b316440;
 .timescale -9 -12;
    .port_info 0 /INPUT 1 "HA_in1";
    .port_info 1 /INPUT 1 "HA_in2";
    .port_info 2 /OUTPUT 1 "HA_sum";
    .port_info 3 /OUTPUT 1 "HA_cout";
L_000002151b2660e0 .functor XOR 1, L_000002151b266cb0, L_000002151b266d20, C4<0>, C4<0>;
L_000002151b265f90 .functor AND 1, L_000002151b266cb0, L_000002151b266d20, C4<1>, C4<1>;
v000002151b259e40_0 .net "HA_cout", 0 0, L_000002151b265f90;  alias, 1 drivers
v000002151b25afc0_0 .net "HA_in1", 0 0, L_000002151b266cb0;  alias, 1 drivers
v000002151b25b880_0 .net "HA_in2", 0 0, L_000002151b266d20;  alias, 1 drivers
v000002151b259bc0_0 .net "HA_sum", 0 0, L_000002151b2660e0;  alias, 1 drivers
S_000002151b316760 .scope module, "half_adder_st2" "half_adder" 4 36, 5 10 0, S_000002151b316440;
 .timescale -9 -12;
    .port_info 0 /INPUT 1 "HA_in1";
    .port_info 1 /INPUT 1 "HA_in2";
    .port_info 2 /OUTPUT 1 "HA_sum";
    .port_info 3 /OUTPUT 1 "HA_cout";
L_000002151b266c40 .functor XOR 1, L_000002151b266230, L_000002151b266770, C4<0>, C4<0>;
L_000002151b2669a0 .functor AND 1, L_000002151b266230, L_000002151b266770, C4<1>, C4<1>;
v000002151b25b920_0 .net "HA_cout", 0 0, L_000002151b2669a0;  alias, 1 drivers
v000002151b25b2e0_0 .net "HA_in1", 0 0, L_000002151b266230;  alias, 1 drivers
v000002151b25b600_0 .net "HA_in2", 0 0, L_000002151b266770;  alias, 1 drivers
v000002151b25a2a0_0 .net "HA_sum", 0 0, L_000002151b266c40;  alias, 1 drivers
S_000002151b25bae0 .scope module, "FA_block2" "full_adder" 3 13, 4 29 0, S_000002151b1df2c0;
 .timescale -9 -12;
    .port_info 0 /INPUT 1 "FA_in1";
    .port_info 1 /INPUT 1 "FA_in2";
    .port_info 2 /INPUT 1 "FA_cin";
    .port_info 3 /OUTPUT 1 "FA_sum";
    .port_info 4 /OUTPUT 1 "FA_cout";
L_000002151b266460 .functor BUFZ 1, L_000002151b2633d0, C4<0>, C4<0>, C4<0>;
L_000002151b266620 .functor BUFZ 1, L_000002151b262bb0, C4<0>, C4<0>, C4<0>;
L_000002151b266a10 .functor BUFZ 1, L_000002151b263790, C4<0>, C4<0>, C4<0>;
L_000002151b266690 .functor BUFZ 1, L_000002151b2662a0, C4<0>, C4<0>, C4<0>;
L_000002151b2667e0 .functor BUFZ 1, L_000002151b2663f0, C4<0>, C4<0>, C4<0>;
L_000002151b266a80 .functor OR 1, L_000002151b266310, L_000002151b2668c0, C4<0>, C4<0>;
v000002151b25b240_0 .net "FA_cin", 0 0, L_000002151b263790;  1 drivers
v000002151b259da0_0 .net "FA_cout", 0 0, L_000002151b266a80;  1 drivers
v000002151b25ab60_0 .net "FA_in1", 0 0, L_000002151b2633d0;  1 drivers
v000002151b25ac00_0 .net "FA_in2", 0 0, L_000002151b262bb0;  1 drivers
v000002151b25aca0_0 .net "FA_sum", 0 0, L_000002151b2667e0;  1 drivers
v000002151b25b4c0_0 .net "st1_HA_in1", 0 0, L_000002151b266460;  1 drivers
v000002151b25b560_0 .net "st1_HA_in2", 0 0, L_000002151b266620;  1 drivers
v000002151b25ade0_0 .net "st1_c_out", 0 0, L_000002151b266310;  1 drivers
v000002151b25ae80_0 .net "st1_sum", 0 0, L_000002151b2662a0;  1 drivers
v000002151b25af20_0 .net "st2_HA_in1", 0 0, L_000002151b266a10;  1 drivers
v000002151b25b100_0 .net "st2_HA_in2", 0 0, L_000002151b266690;  1 drivers
v000002151b25d5e0_0 .net "st2_c_out", 0 0, L_000002151b2668c0;  1 drivers
v000002151b25e800_0 .net "st2_sum", 0 0, L_000002151b2663f0;  1 drivers
S_000002151b25bc70 .scope module, "half_adder_st1" "half_adder" 4 34, 5 10 0, S_000002151b25bae0;
 .timescale -9 -12;
    .port_info 0 /INPUT 1 "HA_in1";
    .port_info 1 /INPUT 1 "HA_in2";
    .port_info 2 /OUTPUT 1 "HA_sum";
    .port_info 3 /OUTPUT 1 "HA_cout";
L_000002151b2662a0 .functor XOR 1, L_000002151b266460, L_000002151b266620, C4<0>, C4<0>;
L_000002151b266310 .functor AND 1, L_000002151b266460, L_000002151b266620, C4<1>, C4<1>;
v000002151b25aa20_0 .net "HA_cout", 0 0, L_000002151b266310;  alias, 1 drivers
v000002151b259d00_0 .net "HA_in1", 0 0, L_000002151b266460;  alias, 1 drivers
v000002151b25b380_0 .net "HA_in2", 0 0, L_000002151b266620;  alias, 1 drivers
v000002151b25b420_0 .net "HA_sum", 0 0, L_000002151b2662a0;  alias, 1 drivers
S_000002151b1f3ca0 .scope module, "half_adder_st2" "half_adder" 4 36, 5 10 0, S_000002151b25bae0;
 .timescale -9 -12;
    .port_info 0 /INPUT 1 "HA_in1";
    .port_info 1 /INPUT 1 "HA_in2";
    .port_info 2 /OUTPUT 1 "HA_sum";
    .port_info 3 /OUTPUT 1 "HA_cout";
L_000002151b2663f0 .functor XOR 1, L_000002151b266a10, L_000002151b266690, C4<0>, C4<0>;
L_000002151b2668c0 .functor AND 1, L_000002151b266a10, L_000002151b266690, C4<1>, C4<1>;
v000002151b25a660_0 .net "HA_cout", 0 0, L_000002151b2668c0;  alias, 1 drivers
v000002151b25a8e0_0 .net "HA_in1", 0 0, L_000002151b266a10;  alias, 1 drivers
v000002151b25a980_0 .net "HA_in2", 0 0, L_000002151b266690;  alias, 1 drivers
v000002151b25aac0_0 .net "HA_sum", 0 0, L_000002151b2663f0;  alias, 1 drivers
S_000002151b1f3e30 .scope module, "FA_block3" "full_adder" 3 14, 4 29 0, S_000002151b1df2c0;
 .timescale -9 -12;
    .port_info 0 /INPUT 1 "FA_in1";
    .port_info 1 /INPUT 1 "FA_in2";
    .port_info 2 /INPUT 1 "FA_cin";
    .port_info 3 /OUTPUT 1 "FA_sum";
    .port_info 4 /OUTPUT 1 "FA_cout";
L_000002151b266700 .functor BUFZ 1, L_000002151b263ab0, C4<0>, C4<0>, C4<0>;
L_000002151b268d40 .functor BUFZ 1, L_000002151b2626b0, C4<0>, C4<0>, C4<0>;
L_000002151b268250 .functor BUFZ 1, L_000002151b263150, C4<0>, C4<0>, C4<0>;
L_000002151b268170 .functor BUFZ 1, L_000002151b266150, C4<0>, C4<0>, C4<0>;
L_000002151b268790 .functor BUFZ 1, L_000002151b266d90, C4<0>, C4<0>, C4<0>;
L_000002151b268410 .functor OR 1, L_000002151b266930, L_000002151b265eb0, C4<0>, C4<0>;
v000002151b25eb20_0 .net "FA_cin", 0 0, L_000002151b263150;  1 drivers
v000002151b25d540_0 .net "FA_cout", 0 0, L_000002151b268410;  1 drivers
v000002151b25d7c0_0 .net "FA_in1", 0 0, L_000002151b263ab0;  1 drivers
v000002151b25e1c0_0 .net "FA_in2", 0 0, L_000002151b2626b0;  1 drivers
v000002151b25d9a0_0 .net "FA_sum", 0 0, L_000002151b268790;  1 drivers
v000002151b25e940_0 .net "st1_HA_in1", 0 0, L_000002151b266700;  1 drivers
v000002151b25e3a0_0 .net "st1_HA_in2", 0 0, L_000002151b268d40;  1 drivers
v000002151b25d4a0_0 .net "st1_c_out", 0 0, L_000002151b266930;  1 drivers
v000002151b25ec60_0 .net "st1_sum", 0 0, L_000002151b266150;  1 drivers
v000002151b25ea80_0 .net "st2_HA_in1", 0 0, L_000002151b268250;  1 drivers
v000002151b25cf00_0 .net "st2_HA_in2", 0 0, L_000002151b268170;  1 drivers
v000002151b25da40_0 .net "st2_c_out", 0 0, L_000002151b265eb0;  1 drivers
v000002151b25dea0_0 .net "st2_sum", 0 0, L_000002151b266d90;  1 drivers
S_000002151b1f3fc0 .scope module, "half_adder_st1" "half_adder" 4 34, 5 10 0, S_000002151b1f3e30;
 .timescale -9 -12;
    .port_info 0 /INPUT 1 "HA_in1";
    .port_info 1 /INPUT 1 "HA_in2";
    .port_info 2 /OUTPUT 1 "HA_sum";
    .port_info 3 /OUTPUT 1 "HA_cout";
L_000002151b266150 .functor XOR 1, L_000002151b266700, L_000002151b268d40, C4<0>, C4<0>;
L_000002151b266930 .functor AND 1, L_000002151b266700, L_000002151b268d40, C4<1>, C4<1>;
v000002151b25e580_0 .net "HA_cout", 0 0, L_000002151b266930;  alias, 1 drivers
v000002151b25df40_0 .net "HA_in1", 0 0, L_000002151b266700;  alias, 1 drivers
v000002151b25dae0_0 .net "HA_in2", 0 0, L_000002151b268d40;  alias, 1 drivers
v000002151b25ebc0_0 .net "HA_sum", 0 0, L_000002151b266150;  alias, 1 drivers
S_000002151b1f4150 .scope module, "half_adder_st2" "half_adder" 4 36, 5 10 0, S_000002151b1f3e30;
 .timescale -9 -12;
    .port_info 0 /INPUT 1 "HA_in1";
    .port_info 1 /INPUT 1 "HA_in2";
    .port_info 2 /OUTPUT 1 "HA_sum";
    .port_info 3 /OUTPUT 1 "HA_cout";
L_000002151b266d90 .functor XOR 1, L_000002151b268250, L_000002151b268170, C4<0>, C4<0>;
L_000002151b265eb0 .functor AND 1, L_000002151b268250, L_000002151b268170, C4<1>, C4<1>;
v000002151b25d860_0 .net "HA_cout", 0 0, L_000002151b265eb0;  alias, 1 drivers
v000002151b25d900_0 .net "HA_in1", 0 0, L_000002151b268250;  alias, 1 drivers
v000002151b25db80_0 .net "HA_in2", 0 0, L_000002151b268170;  alias, 1 drivers
v000002151b25e8a0_0 .net "HA_sum", 0 0, L_000002151b266d90;  alias, 1 drivers
S_000002151b1f42e0 .scope module, "FA_block4" "full_adder" 3 15, 4 29 0, S_000002151b1df2c0;
 .timescale -9 -12;
    .port_info 0 /INPUT 1 "FA_in1";
    .port_info 1 /INPUT 1 "FA_in2";
    .port_info 2 /INPUT 1 "FA_cin";
    .port_info 3 /OUTPUT 1 "FA_sum";
    .port_info 4 /OUTPUT 1 "FA_cout";
L_000002151b2683a0 .functor BUFZ 1, L_000002151b263330, C4<0>, C4<0>, C4<0>;
L_000002151b268020 .functor BUFZ 1, L_000002151b263650, C4<0>, C4<0>, C4<0>;
L_000002151b268a30 .functor BUFZ 1, L_000002151b2627f0, C4<0>, C4<0>, C4<0>;
L_000002151b2684f0 .functor BUFZ 1, L_000002151b268b10, C4<0>, C4<0>, C4<0>;
L_000002151b268aa0 .functor BUFZ 1, L_000002151b268870, C4<0>, C4<0>, C4<0>;
L_000002151b268b80 .functor OR 1, L_000002151b2681e0, L_000002151b267ed0, C4<0>, C4<0>;
v000002151b25d0e0_0 .net "FA_cin", 0 0, L_000002151b2627f0;  1 drivers
v000002151b25cfa0_0 .net "FA_cout", 0 0, L_000002151b268b80;  1 drivers
v000002151b25dfe0_0 .net "FA_in1", 0 0, L_000002151b263330;  1 drivers
v000002151b25e300_0 .net "FA_in2", 0 0, L_000002151b263650;  1 drivers
v000002151b25e620_0 .net "FA_sum", 0 0, L_000002151b268aa0;  1 drivers
v000002151b25d680_0 .net "st1_HA_in1", 0 0, L_000002151b2683a0;  1 drivers
v000002151b25e4e0_0 .net "st1_HA_in2", 0 0, L_000002151b268020;  1 drivers
v000002151b25dc20_0 .net "st1_c_out", 0 0, L_000002151b2681e0;  1 drivers
v000002151b25dcc0_0 .net "st1_sum", 0 0, L_000002151b268b10;  1 drivers
v000002151b25e080_0 .net "st2_HA_in1", 0 0, L_000002151b268a30;  1 drivers
v000002151b25e760_0 .net "st2_HA_in2", 0 0, L_000002151b2684f0;  1 drivers
v000002151b25dd60_0 .net "st2_c_out", 0 0, L_000002151b267ed0;  1 drivers
v000002151b25d180_0 .net "st2_sum", 0 0, L_000002151b268870;  1 drivers
S_000002151b1ff520 .scope module, "half_adder_st1" "half_adder" 4 34, 5 10 0, S_000002151b1f42e0;
 .timescale -9 -12;
    .port_info 0 /INPUT 1 "HA_in1";
    .port_info 1 /INPUT 1 "HA_in2";
    .port_info 2 /OUTPUT 1 "HA_sum";
    .port_info 3 /OUTPUT 1 "HA_cout";
L_000002151b268b10 .functor XOR 1, L_000002151b2683a0, L_000002151b268020, C4<0>, C4<0>;
L_000002151b2681e0 .functor AND 1, L_000002151b2683a0, L_000002151b268020, C4<1>, C4<1>;
v000002151b25e120_0 .net "HA_cout", 0 0, L_000002151b2681e0;  alias, 1 drivers
v000002151b25e6c0_0 .net "HA_in1", 0 0, L_000002151b2683a0;  alias, 1 drivers
v000002151b25ed00_0 .net "HA_in2", 0 0, L_000002151b268020;  alias, 1 drivers
v000002151b25e440_0 .net "HA_sum", 0 0, L_000002151b268b10;  alias, 1 drivers
S_000002151b1ff6b0 .scope module, "half_adder_st2" "half_adder" 4 36, 5 10 0, S_000002151b1f42e0;
 .timescale -9 -12;
    .port_info 0 /INPUT 1 "HA_in1";
    .port_info 1 /INPUT 1 "HA_in2";
    .port_info 2 /OUTPUT 1 "HA_sum";
    .port_info 3 /OUTPUT 1 "HA_cout";
L_000002151b268870 .functor XOR 1, L_000002151b268a30, L_000002151b2684f0, C4<0>, C4<0>;
L_000002151b267ed0 .functor AND 1, L_000002151b268a30, L_000002151b2684f0, C4<1>, C4<1>;
v000002151b25d360_0 .net "HA_cout", 0 0, L_000002151b267ed0;  alias, 1 drivers
v000002151b25d040_0 .net "HA_in1", 0 0, L_000002151b268a30;  alias, 1 drivers
v000002151b25e260_0 .net "HA_in2", 0 0, L_000002151b2684f0;  alias, 1 drivers
v000002151b25e9e0_0 .net "HA_sum", 0 0, L_000002151b268870;  alias, 1 drivers
S_000002151b25f640 .scope module, "FA_block5" "full_adder" 3 16, 4 29 0, S_000002151b1df2c0;
 .timescale -9 -12;
    .port_info 0 /INPUT 1 "FA_in1";
    .port_info 1 /INPUT 1 "FA_in2";
    .port_info 2 /INPUT 1 "FA_cin";
    .port_info 3 /OUTPUT 1 "FA_sum";
    .port_info 4 /OUTPUT 1 "FA_cout";
L_000002151b268480 .functor BUFZ 1, L_000002151b262a70, C4<0>, C4<0>, C4<0>;
L_000002151b268c60 .functor BUFZ 1, L_000002151b262b10, C4<0>, C4<0>, C4<0>;
L_000002151b268090 .functor BUFZ 1, L_000002151b2631f0, C4<0>, C4<0>, C4<0>;
L_000002151b268560 .functor BUFZ 1, L_000002151b2682c0, C4<0>, C4<0>, C4<0>;
L_000002151b267f40 .functor BUFZ 1, L_000002151b268db0, C4<0>, C4<0>, C4<0>;
L_000002151b268bf0 .functor OR 1, L_000002151b267fb0, L_000002151b268330, C4<0>, C4<0>;
v000002151b260b00_0 .net "FA_cin", 0 0, L_000002151b2631f0;  1 drivers
v000002151b2610a0_0 .net "FA_cout", 0 0, L_000002151b268bf0;  1 drivers
v000002151b261140_0 .net "FA_in1", 0 0, L_000002151b262a70;  1 drivers
v000002151b261d20_0 .net "FA_in2", 0 0, L_000002151b262b10;  1 drivers
v000002151b260ba0_0 .net "FA_sum", 0 0, L_000002151b267f40;  1 drivers
v000002151b2616e0_0 .net "st1_HA_in1", 0 0, L_000002151b268480;  1 drivers
v000002151b25ff20_0 .net "st1_HA_in2", 0 0, L_000002151b268c60;  1 drivers
v000002151b261780_0 .net "st1_c_out", 0 0, L_000002151b267fb0;  1 drivers
v000002151b260f60_0 .net "st1_sum", 0 0, L_000002151b2682c0;  1 drivers
v000002151b25ffc0_0 .net "st2_HA_in1", 0 0, L_000002151b268090;  1 drivers
v000002151b2602e0_0 .net "st2_HA_in2", 0 0, L_000002151b268560;  1 drivers
v000002151b261a00_0 .net "st2_c_out", 0 0, L_000002151b268330;  1 drivers
v000002151b261000_0 .net "st2_sum", 0 0, L_000002151b268db0;  1 drivers
S_000002151b25f7d0 .scope module, "half_adder_st1" "half_adder" 4 34, 5 10 0, S_000002151b25f640;
 .timescale -9 -12;
    .port_info 0 /INPUT 1 "HA_in1";
    .port_info 1 /INPUT 1 "HA_in2";
    .port_info 2 /OUTPUT 1 "HA_sum";
    .port_info 3 /OUTPUT 1 "HA_cout";
L_000002151b2682c0 .functor XOR 1, L_000002151b268480, L_000002151b268c60, C4<0>, C4<0>;
L_000002151b267fb0 .functor AND 1, L_000002151b268480, L_000002151b268c60, C4<1>, C4<1>;
v000002151b25d400_0 .net "HA_cout", 0 0, L_000002151b267fb0;  alias, 1 drivers
v000002151b25de00_0 .net "HA_in1", 0 0, L_000002151b268480;  alias, 1 drivers
v000002151b25ce60_0 .net "HA_in2", 0 0, L_000002151b268c60;  alias, 1 drivers
v000002151b25d220_0 .net "HA_sum", 0 0, L_000002151b2682c0;  alias, 1 drivers
S_000002151b25f960 .scope module, "half_adder_st2" "half_adder" 4 36, 5 10 0, S_000002151b25f640;
 .timescale -9 -12;
    .port_info 0 /INPUT 1 "HA_in1";
    .port_info 1 /INPUT 1 "HA_in2";
    .port_info 2 /OUTPUT 1 "HA_sum";
    .port_info 3 /OUTPUT 1 "HA_cout";
L_000002151b268db0 .functor XOR 1, L_000002151b268090, L_000002151b268560, C4<0>, C4<0>;
L_000002151b268330 .functor AND 1, L_000002151b268090, L_000002151b268560, C4<1>, C4<1>;
v000002151b25d2c0_0 .net "HA_cout", 0 0, L_000002151b268330;  alias, 1 drivers
v000002151b25d720_0 .net "HA_in1", 0 0, L_000002151b268090;  alias, 1 drivers
v000002151b261320_0 .net "HA_in2", 0 0, L_000002151b268560;  alias, 1 drivers
v000002151b2607e0_0 .net "HA_sum", 0 0, L_000002151b268db0;  alias, 1 drivers
S_000002151b25f190 .scope module, "FA_block6" "full_adder" 3 17, 4 29 0, S_000002151b1df2c0;
 .timescale -9 -12;
    .port_info 0 /INPUT 1 "FA_in1";
    .port_info 1 /INPUT 1 "FA_in2";
    .port_info 2 /INPUT 1 "FA_cin";
    .port_info 3 /OUTPUT 1 "FA_sum";
    .port_info 4 /OUTPUT 1 "FA_cout";
L_000002151b268720 .functor BUFZ 1, L_000002151b263a10, C4<0>, C4<0>, C4<0>;
L_000002151b268800 .functor BUFZ 1, L_000002151b262250, C4<0>, C4<0>, C4<0>;
L_000002151b2688e0 .functor BUFZ 1, L_000002151b263c90, C4<0>, C4<0>, C4<0>;
L_000002151b2689c0 .functor BUFZ 1, L_000002151b268100, C4<0>, C4<0>, C4<0>;
L_000002151b268950 .functor BUFZ 1, L_000002151b268640, C4<0>, C4<0>, C4<0>;
L_000002151b268cd0 .functor OR 1, L_000002151b2685d0, L_000002151b2686b0, C4<0>, C4<0>;
v000002151b261c80_0 .net "FA_cin", 0 0, L_000002151b263c90;  1 drivers
v000002151b2613c0_0 .net "FA_cout", 0 0, L_000002151b268cd0;  1 drivers
v000002151b2606a0_0 .net "FA_in1", 0 0, L_000002151b263a10;  1 drivers
v000002151b261460_0 .net "FA_in2", 0 0, L_000002151b262250;  1 drivers
v000002151b260c40_0 .net "FA_sum", 0 0, L_000002151b268950;  1 drivers
v000002151b260920_0 .net "st1_HA_in1", 0 0, L_000002151b268720;  1 drivers
v000002151b260ec0_0 .net "st1_HA_in2", 0 0, L_000002151b268800;  1 drivers
v000002151b260a60_0 .net "st1_c_out", 0 0, L_000002151b2685d0;  1 drivers
v000002151b261280_0 .net "st1_sum", 0 0, L_000002151b268100;  1 drivers
v000002151b2615a0_0 .net "st2_HA_in1", 0 0, L_000002151b2688e0;  1 drivers
v000002151b2604c0_0 .net "st2_HA_in2", 0 0, L_000002151b2689c0;  1 drivers
v000002151b260740_0 .net "st2_c_out", 0 0, L_000002151b2686b0;  1 drivers
v000002151b25fe80_0 .net "st2_sum", 0 0, L_000002151b268640;  1 drivers
S_000002151b25faf0 .scope module, "half_adder_st1" "half_adder" 4 34, 5 10 0, S_000002151b25f190;
 .timescale -9 -12;
    .port_info 0 /INPUT 1 "HA_in1";
    .port_info 1 /INPUT 1 "HA_in2";
    .port_info 2 /OUTPUT 1 "HA_sum";
    .port_info 3 /OUTPUT 1 "HA_cout";
L_000002151b268100 .functor XOR 1, L_000002151b268720, L_000002151b268800, C4<0>, C4<0>;
L_000002151b2685d0 .functor AND 1, L_000002151b268720, L_000002151b268800, C4<1>, C4<1>;
v000002151b260ce0_0 .net "HA_cout", 0 0, L_000002151b2685d0;  alias, 1 drivers
v000002151b261820_0 .net "HA_in1", 0 0, L_000002151b268720;  alias, 1 drivers
v000002151b260560_0 .net "HA_in2", 0 0, L_000002151b268800;  alias, 1 drivers
v000002151b260420_0 .net "HA_sum", 0 0, L_000002151b268100;  alias, 1 drivers
S_000002151b25fc80 .scope module, "half_adder_st2" "half_adder" 4 36, 5 10 0, S_000002151b25f190;
 .timescale -9 -12;
    .port_info 0 /INPUT 1 "HA_in1";
    .port_info 1 /INPUT 1 "HA_in2";
    .port_info 2 /OUTPUT 1 "HA_sum";
    .port_info 3 /OUTPUT 1 "HA_cout";
L_000002151b268640 .functor XOR 1, L_000002151b2688e0, L_000002151b2689c0, C4<0>, C4<0>;
L_000002151b2686b0 .functor AND 1, L_000002151b2688e0, L_000002151b2689c0, C4<1>, C4<1>;
v000002151b260e20_0 .net "HA_cout", 0 0, L_000002151b2686b0;  alias, 1 drivers
v000002151b261b40_0 .net "HA_in1", 0 0, L_000002151b2688e0;  alias, 1 drivers
v000002151b260600_0 .net "HA_in2", 0 0, L_000002151b2689c0;  alias, 1 drivers
v000002151b260880_0 .net "HA_sum", 0 0, L_000002151b268640;  alias, 1 drivers
S_000002151b25ee70 .scope module, "FA_block7" "full_adder" 3 18, 4 29 0, S_000002151b1df2c0;
 .timescale -9 -12;
    .port_info 0 /INPUT 1 "FA_in1";
    .port_info 1 /INPUT 1 "FA_in2";
    .port_info 2 /INPUT 1 "FA_cin";
    .port_info 3 /OUTPUT 1 "FA_sum";
    .port_info 4 /OUTPUT 1 "FA_cout";
L_000002151b269450 .functor BUFZ 1, L_000002151b262c50, C4<0>, C4<0>, C4<0>;
L_000002151b2696f0 .functor BUFZ 1, L_000002151b263d30, C4<0>, C4<0>, C4<0>;
L_000002151b269a70 .functor BUFZ 1, L_000002151b263290, C4<0>, C4<0>, C4<0>;
L_000002151b269ca0 .functor BUFZ 1, L_000002151b269920, C4<0>, C4<0>, C4<0>;
L_000002151b269610 .functor BUFZ 1, L_000002151b2697d0, C4<0>, C4<0>, C4<0>;
L_000002151b269060 .functor OR 1, L_000002151b269d10, L_000002151b269300, C4<0>, C4<0>;
v000002151b2601a0_0 .net "FA_cin", 0 0, L_000002151b263290;  1 drivers
v000002151b261aa0_0 .net "FA_cout", 0 0, L_000002151b269060;  1 drivers
v000002151b261be0_0 .net "FA_in1", 0 0, L_000002151b262c50;  1 drivers
v000002151b260060_0 .net "FA_in2", 0 0, L_000002151b263d30;  1 drivers
v000002151b260100_0 .net "FA_sum", 0 0, L_000002151b269610;  1 drivers
v000002151b260380_0 .net "st1_HA_in1", 0 0, L_000002151b269450;  1 drivers
v000002151b262930_0 .net "st1_HA_in2", 0 0, L_000002151b2696f0;  1 drivers
v000002151b262390_0 .net "st1_c_out", 0 0, L_000002151b269d10;  1 drivers
v000002151b261e90_0 .net "st1_sum", 0 0, L_000002151b269920;  1 drivers
v000002151b262430_0 .net "st2_HA_in1", 0 0, L_000002151b269a70;  1 drivers
v000002151b2638d0_0 .net "st2_HA_in2", 0 0, L_000002151b269ca0;  1 drivers
v000002151b263970_0 .net "st2_c_out", 0 0, L_000002151b269300;  1 drivers
v000002151b2635b0_0 .net "st2_sum", 0 0, L_000002151b2697d0;  1 drivers
S_000002151b25f000 .scope module, "half_adder_st1" "half_adder" 4 34, 5 10 0, S_000002151b25ee70;
 .timescale -9 -12;
    .port_info 0 /INPUT 1 "HA_in1";
    .port_info 1 /INPUT 1 "HA_in2";
    .port_info 2 /OUTPUT 1 "HA_sum";
    .port_info 3 /OUTPUT 1 "HA_cout";
L_000002151b269920 .functor XOR 1, L_000002151b269450, L_000002151b2696f0, C4<0>, C4<0>;
L_000002151b269d10 .functor AND 1, L_000002151b269450, L_000002151b2696f0, C4<1>, C4<1>;
v000002151b260d80_0 .net "HA_cout", 0 0, L_000002151b269d10;  alias, 1 drivers
v000002151b261960_0 .net "HA_in1", 0 0, L_000002151b269450;  alias, 1 drivers
v000002151b2609c0_0 .net "HA_in2", 0 0, L_000002151b2696f0;  alias, 1 drivers
v000002151b260240_0 .net "HA_sum", 0 0, L_000002151b269920;  alias, 1 drivers
S_000002151b25f4b0 .scope module, "half_adder_st2" "half_adder" 4 36, 5 10 0, S_000002151b25ee70;
 .timescale -9 -12;
    .port_info 0 /INPUT 1 "HA_in1";
    .port_info 1 /INPUT 1 "HA_in2";
    .port_info 2 /OUTPUT 1 "HA_sum";
    .port_info 3 /OUTPUT 1 "HA_cout";
L_000002151b2697d0 .functor XOR 1, L_000002151b269a70, L_000002151b269ca0, C4<0>, C4<0>;
L_000002151b269300 .functor AND 1, L_000002151b269a70, L_000002151b269ca0, C4<1>, C4<1>;
v000002151b261640_0 .net "HA_cout", 0 0, L_000002151b269300;  alias, 1 drivers
v000002151b261500_0 .net "HA_in1", 0 0, L_000002151b269a70;  alias, 1 drivers
v000002151b2618c0_0 .net "HA_in2", 0 0, L_000002151b269ca0;  alias, 1 drivers
v000002151b2611e0_0 .net "HA_sum", 0 0, L_000002151b2697d0;  alias, 1 drivers
    .scope S_000002151b20a3e0;
T_0 ;
    %vpi_call 2 22 "$dumpfile", "tb_adder_8bits.vcd" {0 0 0};
    %vpi_call 2 23 "$dumpvars", 32'sb00000000000000000000000000000000, S_000002151b20a3e0 {0 0 0};
    %pushi/vec4 1, 0, 8;
    %store/vec4 v000002151b263510_0, 0, 8;
    %pushi/vec4 0, 0, 8;
    %store/vec4 v000002151b263bf0_0, 0, 8;
    %delay 1000, 0;
    %pushi/vec4 1, 0, 8;
    %store/vec4 v000002151b263510_0, 0, 8;
    %pushi/vec4 1, 0, 8;
    %store/vec4 v000002151b263bf0_0, 0, 8;
    %pushi/vec4 2, 0, 8;
    %store/vec4 v000002151b262070_0, 0, 8;
    %delay 1000, 0;
    %pushi/vec4 100, 0, 8;
    %store/vec4 v000002151b263510_0, 0, 8;
    %pushi/vec4 1, 0, 8;
    %store/vec4 v000002151b263bf0_0, 0, 8;
    %delay 1000, 0;
    %pushi/vec4 100, 0, 8;
    %store/vec4 v000002151b263510_0, 0, 8;
    %pushi/vec4 1, 0, 8;
    %store/vec4 v000002151b263bf0_0, 0, 8;
    %pushi/vec4 0, 0, 8;
    %store/vec4 v000002151b262070_0, 0, 8;
    %vpi_call 2 52 "$display", "Test complete" {0 0 0};
    %end;
    .thread T_0;
    .scope S_000002151b20a3e0;
T_1 ;
    %delay 12000, 0;
    %vpi_call 2 55 "$finish" {0 0 0};
    %end;
    .thread T_1;
# The file index is used to find the file name in the following table.
:file_names 6;
    "N/A";
    "<interactive>";
    "tb_adder_8bits.v";
    "./adder_8bits.v";
    "./full_adder.v";
    "./half_adder.v";
