#! /c/Source/iverilog-install/bin/vvp
:ivl_version "12.0 (devel)" "(s20150603-1539-g2693dd32b)";
:ivl_delay_selection "TYPICAL";
:vpi_time_precision - 12;
:vpi_module "C:\iverilog\lib\ivl\system.vpi";
:vpi_module "C:\iverilog\lib\ivl\vhdl_sys.vpi";
:vpi_module "C:\iverilog\lib\ivl\vhdl_textio.vpi";
:vpi_module "C:\iverilog\lib\ivl\v2005_math.vpi";
:vpi_module "C:\iverilog\lib\ivl\va_math.vpi";
S_0000013a658de740 .scope module, "tb_half_adder" "tb_half_adder" 2 4;
 .timescale -9 -12;
v0000013a657f5820_0 .net "tb_HA_cout", 0 0, L_0000013a658d6c60;  1 drivers
v0000013a657f58c0_0 .var "tb_HA_in1", 0 0;
v0000013a657f5960_0 .var "tb_HA_in2", 0 0;
v0000013a657f5a00_0 .net "tb_HA_sum", 0 0, L_0000013a657f5aa0;  1 drivers
S_0000013a657f5690 .scope module, "uut" "half_adder" 2 9, 3 10 0, S_0000013a658de740;
 .timescale -9 -12;
    .port_info 0 /INPUT 1 "HA_in1";
    .port_info 1 /INPUT 1 "HA_in2";
    .port_info 2 /OUTPUT 1 "HA_sum";
    .port_info 3 /OUTPUT 1 "HA_cout";
L_0000013a657f5aa0 .functor XOR 1, v0000013a657f58c0_0, v0000013a657f5960_0, C4<0>, C4<0>;
L_0000013a658d6c60 .functor AND 1, v0000013a657f58c0_0, v0000013a657f5960_0, C4<1>, C4<1>;
v0000013a658d9d70_0 .net "HA_cout", 0 0, L_0000013a658d6c60;  alias, 1 drivers
v0000013a658de8d0_0 .net "HA_in1", 0 0, v0000013a657f58c0_0;  1 drivers
v0000013a658d67c0_0 .net "HA_in2", 0 0, v0000013a657f5960_0;  1 drivers
v0000013a658d9160_0 .net "HA_sum", 0 0, L_0000013a657f5aa0;  alias, 1 drivers
    .scope S_0000013a658de740;
T_0 ;
    %vpi_call 2 19 "$dumpfile", "tb_half_adder.vcd" {0 0 0};
    %vpi_call 2 20 "$dumpvars", 32'sb00000000000000000000000000000000, S_0000013a658de740 {0 0 0};
    %pushi/vec4 0, 0, 1;
    %store/vec4 v0000013a657f58c0_0, 0, 1;
    %pushi/vec4 0, 0, 1;
    %store/vec4 v0000013a657f5960_0, 0, 1;
    %delay 2000, 0;
    %pushi/vec4 0, 0, 1;
    %store/vec4 v0000013a657f58c0_0, 0, 1;
    %pushi/vec4 1, 0, 1;
    %store/vec4 v0000013a657f5960_0, 0, 1;
    %delay 2000, 0;
    %pushi/vec4 1, 0, 1;
    %store/vec4 v0000013a657f58c0_0, 0, 1;
    %pushi/vec4 0, 0, 1;
    %store/vec4 v0000013a657f5960_0, 0, 1;
    %delay 2000, 0;
    %pushi/vec4 1, 0, 1;
    %store/vec4 v0000013a657f58c0_0, 0, 1;
    %pushi/vec4 1, 0, 1;
    %store/vec4 v0000013a657f5960_0, 0, 1;
    %vpi_call 2 27 "$display", "Test complete" {0 0 0};
    %end;
    .thread T_0;
    .scope S_0000013a658de740;
T_1 ;
    %delay 10000, 0;
    %vpi_call 2 31 "$finish" {0 0 0};
    %end;
    .thread T_1;
# The file index is used to find the file name in the following table.
:file_names 4;
    "N/A";
    "<interactive>";
    "tb_half_adder.v";
    "./half_adder.v";
