#! /c/Source/iverilog-install/bin/vvp
:ivl_version "12.0 (devel)" "(s20150603-1539-g2693dd32b)";
:ivl_delay_selection "TYPICAL";
:vpi_time_precision - 12;
:vpi_module "C:\iverilog\lib\ivl\system.vpi";
:vpi_module "C:\iverilog\lib\ivl\vhdl_sys.vpi";
:vpi_module "C:\iverilog\lib\ivl\vhdl_textio.vpi";
:vpi_module "C:\iverilog\lib\ivl\v2005_math.vpi";
:vpi_module "C:\iverilog\lib\ivl\va_math.vpi";
S_000001fb97162530 .scope module, "full_adder" "full_adder" 2 21;
 .timescale -9 -12;
    .port_info 0 /OUTPUT 8 "sum";
    .port_info 1 /INPUT 1 "c_out";
    .port_info 2 /INPUT 1 "c_in";
    .port_info 3 /INPUT 8 "num1";
    .port_info 4 /INPUT 8 "num2";
o000001fb971971e8 .functor BUFZ 8, C4<zzzzzzzz>; HiZ drive
o000001fb97197218 .functor BUFZ 8, C4<zzzzzzzz>; HiZ drive
L_000001fb972de8e0 .functor XOR 8, o000001fb971971e8, o000001fb97197218, C4<00000000>, C4<00000000>;
L_000001fb972de950 .functor XOR 8, L_000001fb97190a10, L_000001fb972de8e0, C4<00000000>, C4<00000000>;
L_000001fb972de9c0 .functor AND 8, o000001fb971971e8, L_000001fb97191370, C4<11111111>, C4<11111111>;
L_000001fb972dea30 .functor XOR 8, o000001fb971971e8, o000001fb97197218, C4<00000000>, C4<00000000>;
L_000001fb972deaa0 .functor AND 8, L_000001fb972de9c0, L_000001fb972dea30, C4<11111111>, C4<11111111>;
v000001fb971626c0_0 .net *"_ivl_0", 7 0, L_000001fb97190a10;  1 drivers
L_000001fb971dfc90 .functor BUFT 1, C4<0000000>, C4<0>, C4<0>, C4<0>;
v000001fb97162760_0 .net *"_ivl_11", 6 0, L_000001fb971dfc90;  1 drivers
v000001fb97162800_0 .net *"_ivl_12", 7 0, L_000001fb97191370;  1 drivers
v000001fb971628a0_0 .net *"_ivl_14", 7 0, L_000001fb972de9c0;  1 drivers
v000001fb97162940_0 .net *"_ivl_16", 7 0, L_000001fb972dea30;  1 drivers
v000001fb972de670_0 .net *"_ivl_18", 7 0, L_000001fb972deaa0;  1 drivers
L_000001fb971dfc48 .functor BUFT 1, C4<0000000>, C4<0>, C4<0>, C4<0>;
v000001fb972de710_0 .net *"_ivl_3", 6 0, L_000001fb971dfc48;  1 drivers
v000001fb972de7b0_0 .net *"_ivl_4", 7 0, L_000001fb972de8e0;  1 drivers
v000001fb97190d30_0 .net *"_ivl_8", 7 0, L_000001fb97191230;  1 drivers
o000001fb97197188 .functor BUFZ 1, C4<z>; HiZ drive
v000001fb971912d0_0 .net "c_in", 0 0, o000001fb97197188;  0 drivers
v000001fb971908d0_0 .net "c_out", 0 0, L_000001fb97191410;  1 drivers
v000001fb97190bf0_0 .net "num1", 7 0, o000001fb971971e8;  0 drivers
v000001fb97190970_0 .net "num2", 7 0, o000001fb97197218;  0 drivers
v000001fb97191050_0 .net "sum", 7 0, L_000001fb972de950;  1 drivers
L_000001fb97190a10 .concat [ 1 7 0 0], o000001fb97197188, L_000001fb971dfc48;
L_000001fb97191230 .concat [ 1 7 0 0], o000001fb97197188, L_000001fb971dfc90;
L_000001fb97191370 .arith/sum 8, o000001fb97197218, L_000001fb97191230;
L_000001fb97191410 .part L_000001fb972deaa0, 0, 1;
# The file index is used to find the file name in the following table.
:file_names 3;
    "N/A";
    "<interactive>";
    "full_adder.v";
