#! /c/Source/iverilog-install/bin/vvp
:ivl_version "12.0 (devel)" "(s20150603-1539-g2693dd32b)";
:ivl_delay_selection "TYPICAL";
:vpi_time_precision + 0;
:vpi_module "Y:\iverilog\lib\ivl\system.vpi";
:vpi_module "Y:\iverilog\lib\ivl\vhdl_sys.vpi";
:vpi_module "Y:\iverilog\lib\ivl\vhdl_textio.vpi";
:vpi_module "Y:\iverilog\lib\ivl\v2005_math.vpi";
:vpi_module "Y:\iverilog\lib\ivl\va_math.vpi";
:vpi_module "Y:\iverilog\lib\ivl\v2009.vpi";
S_0000021997792640 .scope package, "$unit" "$unit" 2 1;
 .timescale 0 0;
S_00000219977927d0 .scope module, "helloword" "helloword" 3 7;
 .timescale 0 0;
    .scope S_00000219977927d0;
T_0 ;
    %vpi_call/w 3 10 "$display", "Hello, World" {0 0 0};
    %vpi_call/w 3 11 "$finish" {0 0 0};
    %end;
    .thread T_0;
# The file index is used to find the file name in the following table.
:file_names 4;
    "N/A";
    "<interactive>";
    "-";
    "helloworld\helloworld.v";
