#! /c/Source/iverilog-install/bin/vvp
:ivl_version "12.0 (devel)" "(s20150603-1539-g2693dd32b)";
:ivl_delay_selection "TYPICAL";
:vpi_time_precision - 12;
:vpi_module "C:\iverilog\lib\ivl\system.vpi";
:vpi_module "C:\iverilog\lib\ivl\vhdl_sys.vpi";
:vpi_module "C:\iverilog\lib\ivl\vhdl_textio.vpi";
:vpi_module "C:\iverilog\lib\ivl\v2005_math.vpi";
:vpi_module "C:\iverilog\lib\ivl\va_math.vpi";
:vpi_module "C:\iverilog\lib\ivl\v2009.vpi";
S_000002103787ebc0 .scope package, "$unit" "$unit" 2 1;
 .timescale 0 0;
S_000002103784fb00 .scope module, "tb_adder_8bits" "tb_adder_8bits" 3 4;
 .timescale -9 -12;
v00000210378d9110_0 .var "tb_adder_cin", 7 0;
v00000210378d9ed0_0 .net "tb_adder_cout", 7 0, L_00000210378d9b10;  1 drivers
v00000210378d9bb0_0 .var "tb_adder_in1", 7 0;
v00000210378d8a30_0 .var "tb_adder_in2", 7 0;
v00000210378d9c50_0 .net "tb_adder_sum", 7 0, L_00000210378d99d0;  1 drivers
S_000002103784fc90 .scope module, "uut" "adder_8bits" 3 9, 4 4 0, S_000002103784fb00;
 .timescale -9 -12;
    .port_info 0 /INPUT 8 "Adder_in1";
    .port_info 1 /INPUT 8 "Adder_in2";
    .port_info 2 /INPUT 8 "Adder_cin";
    .port_info 3 /OUTPUT 8 "Adder_sum";
    .port_info 4 /OUTPUT 8 "Adder_cout";
RS_0000021037882928 .resolv tri, L_00000210378e1df0, L_00000210378e09f0, L_00000210378e1f30, L_00000210378e0c70, L_00000210378e0db0, L_00000210378e0e50, L_00000210378e1170, v00000210378d9110_0;
v00000210378d91b0_0 .net8 "Adder_cin", 7 0, RS_0000021037882928;  8 drivers
v00000210378d9890_0 .net "Adder_cout", 7 0, L_00000210378d9b10;  alias, 1 drivers
v00000210378d9cf0_0 .net "Adder_in1", 7 0, v00000210378d9bb0_0;  1 drivers
v00000210378d9070_0 .net "Adder_in2", 7 0, v00000210378d8a30_0;  1 drivers
v00000210378d9750_0 .net "Adder_sum", 7 0, L_00000210378d99d0;  alias, 1 drivers
v00000210378d9a70_0 .net *"_ivl_101", 0 0, L_00000210378e0130;  1 drivers
v00000210378d9430_0 .net *"_ivl_105", 0 0, L_00000210378e0770;  1 drivers
v00000210378d8b70_0 .net *"_ivl_109", 0 0, L_00000210378e1030;  1 drivers
v00000210378d8030_0 .net *"_ivl_85", 0 0, L_00000210378e0090;  1 drivers
v00000210378d8cb0_0 .net *"_ivl_89", 0 0, L_00000210378e1ad0;  1 drivers
v00000210378d8ad0_0 .net *"_ivl_93", 0 0, L_00000210378e1e90;  1 drivers
v00000210378d8710_0 .net *"_ivl_97", 0 0, L_00000210378e0450;  1 drivers
L_00000210378d9930 .part v00000210378d9bb0_0, 0, 1;
L_00000210378d8f30 .part v00000210378d8a30_0, 0, 1;
L_00000210378d87b0 .part RS_0000021037882928, 0, 1;
L_00000210378d9610 .part v00000210378d9bb0_0, 1, 1;
L_00000210378d80d0 .part v00000210378d8a30_0, 1, 1;
L_00000210378d83f0 .part RS_0000021037882928, 1, 1;
L_00000210378d9d90 .part v00000210378d9bb0_0, 2, 1;
L_00000210378d8e90 .part v00000210378d8a30_0, 2, 1;
L_00000210378d8350 .part RS_0000021037882928, 2, 1;
L_00000210378d8fd0 .part v00000210378d9bb0_0, 3, 1;
L_00000210378d8c10 .part v00000210378d8a30_0, 3, 1;
L_00000210378d94d0 .part RS_0000021037882928, 3, 1;
L_00000210378d9250 .part v00000210378d9bb0_0, 4, 1;
L_00000210378d8d50 .part v00000210378d8a30_0, 4, 1;
L_00000210378d8490 .part RS_0000021037882928, 4, 1;
L_00000210378d92f0 .part v00000210378d9bb0_0, 5, 1;
L_00000210378d9570 .part v00000210378d8a30_0, 5, 1;
L_00000210378d96b0 .part RS_0000021037882928, 5, 1;
L_00000210378d85d0 .part v00000210378d9bb0_0, 6, 1;
L_00000210378d8530 .part v00000210378d8a30_0, 6, 1;
L_00000210378d8670 .part RS_0000021037882928, 6, 1;
L_00000210378d97f0 .part v00000210378d9bb0_0, 7, 1;
L_00000210378d8850 .part v00000210378d8a30_0, 7, 1;
L_00000210378d88f0 .part RS_0000021037882928, 7, 1;
LS_00000210378d99d0_0_0 .concat8 [ 1 1 1 1], L_000002103786ff10, L_00000210378dcad0, L_00000210378dce50, L_00000210378dc3d0;
LS_00000210378d99d0_0_4 .concat8 [ 1 1 1 1], L_00000210378dc360, L_00000210378dd3e0, L_00000210378dd0d0, L_00000210378dd530;
L_00000210378d99d0 .concat8 [ 4 4 0 0], LS_00000210378d99d0_0_0, LS_00000210378d99d0_0_4;
LS_00000210378d9b10_0_0 .concat8 [ 1 1 1 1], L_000002103786f730, L_00000210378dc4b0, L_00000210378dcf30, L_00000210378dc7c0;
LS_00000210378d9b10_0_4 .concat8 [ 1 1 1 1], L_00000210378dc210, L_00000210378dd840, L_00000210378ddbc0, L_00000210378dd140;
L_00000210378d9b10 .concat8 [ 4 4 0 0], LS_00000210378d9b10_0_0, LS_00000210378d9b10_0_4;
L_00000210378e1df0 .part/pv L_00000210378e0090, 1, 1, 8;
L_00000210378e0090 .part L_00000210378d9b10, 0, 1;
L_00000210378e09f0 .part/pv L_00000210378e1ad0, 2, 1, 8;
L_00000210378e1ad0 .part L_00000210378d9b10, 1, 1;
L_00000210378e1f30 .part/pv L_00000210378e1e90, 3, 1, 8;
L_00000210378e1e90 .part L_00000210378d9b10, 2, 1;
L_00000210378e0c70 .part/pv L_00000210378e0450, 4, 1, 8;
L_00000210378e0450 .part L_00000210378d9b10, 3, 1;
L_00000210378e0db0 .part/pv L_00000210378e0130, 5, 1, 8;
L_00000210378e0130 .part L_00000210378d9b10, 4, 1;
L_00000210378e0e50 .part/pv L_00000210378e0770, 6, 1, 8;
L_00000210378e0770 .part L_00000210378d9b10, 5, 1;
L_00000210378e1170 .part/pv L_00000210378e1030, 7, 1, 8;
L_00000210378e1030 .part L_00000210378d9b10, 6, 1;
S_0000021037812490 .scope module, "FA_block0" "full_adder" 4 11, 5 31 0, S_000002103784fc90;
 .timescale -9 -12;
    .port_info 0 /INPUT 1 "FA_in1";
    .port_info 1 /INPUT 1 "FA_in2";
    .port_info 2 /INPUT 1 "FA_cin";
    .port_info 3 /OUTPUT 1 "FA_sum";
    .port_info 4 /OUTPUT 1 "FA_cout";
L_000002103786fc00 .functor BUFZ 1, L_00000210378d9930, C4<0>, C4<0>, C4<0>;
L_000002103786fc70 .functor BUFZ 1, L_00000210378d8f30, C4<0>, C4<0>, C4<0>;
L_000002103786fce0 .functor BUFZ 1, L_00000210378d87b0, C4<0>, C4<0>, C4<0>;
L_000002103786f6c0 .functor BUFZ 1, L_0000021037870220, C4<0>, C4<0>, C4<0>;
L_000002103786ff10 .functor BUFZ 1, L_0000021037870370, C4<0>, C4<0>, C4<0>;
L_000002103786f730 .functor OR 1, L_000002103786f500, L_000002103786fea0, C4<0>, C4<0>;
v00000210378667e0_0 .net "FA_cin", 0 0, L_00000210378d87b0;  1 drivers
v00000210378669c0_0 .net "FA_cout", 0 0, L_000002103786f730;  1 drivers
v0000021037866ba0_0 .net "FA_in1", 0 0, L_00000210378d9930;  1 drivers
v00000210378d11b0_0 .net "FA_in2", 0 0, L_00000210378d8f30;  1 drivers
v00000210378d19d0_0 .net "FA_sum", 0 0, L_000002103786ff10;  1 drivers
v00000210378d0b70_0 .net "st1_HA_in1", 0 0, L_000002103786fc00;  1 drivers
v00000210378d1610_0 .net "st1_HA_in2", 0 0, L_000002103786fc70;  1 drivers
v00000210378d0170_0 .net "st1_c_out", 0 0, L_000002103786f500;  1 drivers
v00000210378cfd10_0 .net "st1_sum", 0 0, L_0000021037870220;  1 drivers
v00000210378d0670_0 .net "st2_HA_in1", 0 0, L_000002103786fce0;  1 drivers
v00000210378d0f30_0 .net "st2_HA_in2", 0 0, L_000002103786f6c0;  1 drivers
v00000210378d0710_0 .net "st2_c_out", 0 0, L_000002103786fea0;  1 drivers
v00000210378d12f0_0 .net "st2_sum", 0 0, L_0000021037870370;  1 drivers
S_0000021037812620 .scope module, "half_adder_st1" "half_adder" 5 36, 6 10 0, S_0000021037812490;
 .timescale -9 -12;
    .port_info 0 /INPUT 1 "HA_in1";
    .port_info 1 /INPUT 1 "HA_in2";
    .port_info 2 /OUTPUT 1 "HA_sum";
    .port_info 3 /OUTPUT 1 "HA_cout";
L_0000021037870220 .functor XOR 1, L_000002103786fc00, L_000002103786fc70, C4<0>, C4<0>;
L_000002103786f500 .functor AND 1, L_000002103786fc00, L_000002103786fc70, C4<1>, C4<1>;
v000002103786e630_0 .net "HA_cout", 0 0, L_000002103786f500;  alias, 1 drivers
v000002103786e6d0_0 .net "HA_in1", 0 0, L_000002103786fc00;  alias, 1 drivers
v000002103786e8b0_0 .net "HA_in2", 0 0, L_000002103786fc70;  alias, 1 drivers
v000002103786ea90_0 .net "HA_sum", 0 0, L_0000021037870220;  alias, 1 drivers
S_00000210377fe6c0 .scope module, "half_adder_st2" "half_adder" 5 38, 6 10 0, S_0000021037812490;
 .timescale -9 -12;
    .port_info 0 /INPUT 1 "HA_in1";
    .port_info 1 /INPUT 1 "HA_in2";
    .port_info 2 /OUTPUT 1 "HA_sum";
    .port_info 3 /OUTPUT 1 "HA_cout";
L_0000021037870370 .functor XOR 1, L_000002103786fce0, L_000002103786f6c0, C4<0>, C4<0>;
L_000002103786fea0 .functor AND 1, L_000002103786fce0, L_000002103786f6c0, C4<1>, C4<1>;
v000002103786edb0_0 .net "HA_cout", 0 0, L_000002103786fea0;  alias, 1 drivers
v0000021037866100_0 .net "HA_in1", 0 0, L_000002103786fce0;  alias, 1 drivers
v0000021037866240_0 .net "HA_in2", 0 0, L_000002103786f6c0;  alias, 1 drivers
v00000210378664c0_0 .net "HA_sum", 0 0, L_0000021037870370;  alias, 1 drivers
S_00000210377fe850 .scope module, "FA_block1" "full_adder" 4 12, 5 31 0, S_000002103784fc90;
 .timescale -9 -12;
    .port_info 0 /INPUT 1 "FA_in1";
    .port_info 1 /INPUT 1 "FA_in2";
    .port_info 2 /INPUT 1 "FA_cin";
    .port_info 3 /OUTPUT 1 "FA_sum";
    .port_info 4 /OUTPUT 1 "FA_cout";
L_0000021037870140 .functor BUFZ 1, L_00000210378d9610, C4<0>, C4<0>, C4<0>;
L_000002103786fff0 .functor BUFZ 1, L_00000210378d80d0, C4<0>, C4<0>, C4<0>;
L_0000021037870290 .functor BUFZ 1, L_00000210378d83f0, C4<0>, C4<0>, C4<0>;
L_0000021037870300 .functor BUFZ 1, L_000002103786fd50, C4<0>, C4<0>, C4<0>;
L_00000210378dcad0 .functor BUFZ 1, L_000002103786fdc0, C4<0>, C4<0>, C4<0>;
L_00000210378dc4b0 .functor OR 1, L_0000021037870060, L_000002103786fe30, C4<0>, C4<0>;
v00000210378cfb30_0 .net "FA_cin", 0 0, L_00000210378d83f0;  1 drivers
v00000210378cfc70_0 .net "FA_cout", 0 0, L_00000210378dc4b0;  1 drivers
v00000210378d0d50_0 .net "FA_in1", 0 0, L_00000210378d9610;  1 drivers
v00000210378d0350_0 .net "FA_in2", 0 0, L_00000210378d80d0;  1 drivers
v00000210378d0df0_0 .net "FA_sum", 0 0, L_00000210378dcad0;  1 drivers
v00000210378d08f0_0 .net "st1_HA_in1", 0 0, L_0000021037870140;  1 drivers
v00000210378d1750_0 .net "st1_HA_in2", 0 0, L_000002103786fff0;  1 drivers
v00000210378d05d0_0 .net "st1_c_out", 0 0, L_0000021037870060;  1 drivers
v00000210378d1250_0 .net "st1_sum", 0 0, L_000002103786fd50;  1 drivers
v00000210378d00d0_0 .net "st2_HA_in1", 0 0, L_0000021037870290;  1 drivers
v00000210378d0850_0 .net "st2_HA_in2", 0 0, L_0000021037870300;  1 drivers
v00000210378d0990_0 .net "st2_c_out", 0 0, L_000002103786fe30;  1 drivers
v00000210378d0a30_0 .net "st2_sum", 0 0, L_000002103786fdc0;  1 drivers
S_000002103786a490 .scope module, "half_adder_st1" "half_adder" 5 36, 6 10 0, S_00000210377fe850;
 .timescale -9 -12;
    .port_info 0 /INPUT 1 "HA_in1";
    .port_info 1 /INPUT 1 "HA_in2";
    .port_info 2 /OUTPUT 1 "HA_sum";
    .port_info 3 /OUTPUT 1 "HA_cout";
L_000002103786fd50 .functor XOR 1, L_0000021037870140, L_000002103786fff0, C4<0>, C4<0>;
L_0000021037870060 .functor AND 1, L_0000021037870140, L_000002103786fff0, C4<1>, C4<1>;
v00000210378d1390_0 .net "HA_cout", 0 0, L_0000021037870060;  alias, 1 drivers
v00000210378d0cb0_0 .net "HA_in1", 0 0, L_0000021037870140;  alias, 1 drivers
v00000210378d14d0_0 .net "HA_in2", 0 0, L_000002103786fff0;  alias, 1 drivers
v00000210378d16b0_0 .net "HA_sum", 0 0, L_000002103786fd50;  alias, 1 drivers
S_000002103786a620 .scope module, "half_adder_st2" "half_adder" 5 38, 6 10 0, S_00000210377fe850;
 .timescale -9 -12;
    .port_info 0 /INPUT 1 "HA_in1";
    .port_info 1 /INPUT 1 "HA_in2";
    .port_info 2 /OUTPUT 1 "HA_sum";
    .port_info 3 /OUTPUT 1 "HA_cout";
L_000002103786fdc0 .functor XOR 1, L_0000021037870290, L_0000021037870300, C4<0>, C4<0>;
L_000002103786fe30 .functor AND 1, L_0000021037870290, L_0000021037870300, C4<1>, C4<1>;
v00000210378d07b0_0 .net "HA_cout", 0 0, L_000002103786fe30;  alias, 1 drivers
v00000210378cfdb0_0 .net "HA_in1", 0 0, L_0000021037870290;  alias, 1 drivers
v00000210378d02b0_0 .net "HA_in2", 0 0, L_0000021037870300;  alias, 1 drivers
v00000210378d1570_0 .net "HA_sum", 0 0, L_000002103786fdc0;  alias, 1 drivers
S_000002103786a7b0 .scope module, "FA_block2" "full_adder" 4 13, 5 31 0, S_000002103784fc90;
 .timescale -9 -12;
    .port_info 0 /INPUT 1 "FA_in1";
    .port_info 1 /INPUT 1 "FA_in2";
    .port_info 2 /INPUT 1 "FA_cin";
    .port_info 3 /OUTPUT 1 "FA_sum";
    .port_info 4 /OUTPUT 1 "FA_cout";
L_00000210378dc8a0 .functor BUFZ 1, L_00000210378d9d90, C4<0>, C4<0>, C4<0>;
L_00000210378dcc20 .functor BUFZ 1, L_00000210378d8e90, C4<0>, C4<0>, C4<0>;
L_00000210378dc590 .functor BUFZ 1, L_00000210378d8350, C4<0>, C4<0>, C4<0>;
L_00000210378dca60 .functor BUFZ 1, L_00000210378dc0c0, C4<0>, C4<0>, C4<0>;
L_00000210378dce50 .functor BUFZ 1, L_00000210378dc750, C4<0>, C4<0>, C4<0>;
L_00000210378dcf30 .functor OR 1, L_00000210378dc520, L_00000210378dcde0, C4<0>, C4<0>;
v00000210378cff90_0 .net "FA_cin", 0 0, L_00000210378d8350;  1 drivers
v00000210378d0030_0 .net "FA_cout", 0 0, L_00000210378dcf30;  1 drivers
v00000210378d0e90_0 .net "FA_in1", 0 0, L_00000210378d9d90;  1 drivers
v00000210378d0530_0 .net "FA_in2", 0 0, L_00000210378d8e90;  1 drivers
v00000210378d1430_0 .net "FA_sum", 0 0, L_00000210378dce50;  1 drivers
v00000210378d0fd0_0 .net "st1_HA_in1", 0 0, L_00000210378dc8a0;  1 drivers
v00000210378d1070_0 .net "st1_HA_in2", 0 0, L_00000210378dcc20;  1 drivers
v00000210378d17f0_0 .net "st1_c_out", 0 0, L_00000210378dc520;  1 drivers
v00000210378d1110_0 .net "st1_sum", 0 0, L_00000210378dc0c0;  1 drivers
v00000210378d1890_0 .net "st2_HA_in1", 0 0, L_00000210378dc590;  1 drivers
v00000210378d1930_0 .net "st2_HA_in2", 0 0, L_00000210378dca60;  1 drivers
v00000210378d1e60_0 .net "st2_c_out", 0 0, L_00000210378dcde0;  1 drivers
v00000210378d2220_0 .net "st2_sum", 0 0, L_00000210378dc750;  1 drivers
S_000002103786a940 .scope module, "half_adder_st1" "half_adder" 5 36, 6 10 0, S_000002103786a7b0;
 .timescale -9 -12;
    .port_info 0 /INPUT 1 "HA_in1";
    .port_info 1 /INPUT 1 "HA_in2";
    .port_info 2 /OUTPUT 1 "HA_sum";
    .port_info 3 /OUTPUT 1 "HA_cout";
L_00000210378dc0c0 .functor XOR 1, L_00000210378dc8a0, L_00000210378dcc20, C4<0>, C4<0>;
L_00000210378dc520 .functor AND 1, L_00000210378dc8a0, L_00000210378dcc20, C4<1>, C4<1>;
v00000210378d0210_0 .net "HA_cout", 0 0, L_00000210378dc520;  alias, 1 drivers
v00000210378cfbd0_0 .net "HA_in1", 0 0, L_00000210378dc8a0;  alias, 1 drivers
v00000210378d0ad0_0 .net "HA_in2", 0 0, L_00000210378dcc20;  alias, 1 drivers
v00000210378d03f0_0 .net "HA_sum", 0 0, L_00000210378dc0c0;  alias, 1 drivers
S_000002103786aad0 .scope module, "half_adder_st2" "half_adder" 5 38, 6 10 0, S_000002103786a7b0;
 .timescale -9 -12;
    .port_info 0 /INPUT 1 "HA_in1";
    .port_info 1 /INPUT 1 "HA_in2";
    .port_info 2 /OUTPUT 1 "HA_sum";
    .port_info 3 /OUTPUT 1 "HA_cout";
L_00000210378dc750 .functor XOR 1, L_00000210378dc590, L_00000210378dca60, C4<0>, C4<0>;
L_00000210378dcde0 .functor AND 1, L_00000210378dc590, L_00000210378dca60, C4<1>, C4<1>;
v00000210378d0490_0 .net "HA_cout", 0 0, L_00000210378dcde0;  alias, 1 drivers
v00000210378d0c10_0 .net "HA_in1", 0 0, L_00000210378dc590;  alias, 1 drivers
v00000210378cfe50_0 .net "HA_in2", 0 0, L_00000210378dca60;  alias, 1 drivers
v00000210378cfef0_0 .net "HA_sum", 0 0, L_00000210378dc750;  alias, 1 drivers
S_00000210378d3b00 .scope module, "FA_block3" "full_adder" 4 14, 5 31 0, S_000002103784fc90;
 .timescale -9 -12;
    .port_info 0 /INPUT 1 "FA_in1";
    .port_info 1 /INPUT 1 "FA_in2";
    .port_info 2 /INPUT 1 "FA_cin";
    .port_info 3 /OUTPUT 1 "FA_sum";
    .port_info 4 /OUTPUT 1 "FA_cout";
L_00000210378dc050 .functor BUFZ 1, L_00000210378d8fd0, C4<0>, C4<0>, C4<0>;
L_00000210378dc280 .functor BUFZ 1, L_00000210378d8c10, C4<0>, C4<0>, C4<0>;
L_00000210378dc830 .functor BUFZ 1, L_00000210378d94d0, C4<0>, C4<0>, C4<0>;
L_00000210378dc910 .functor BUFZ 1, L_00000210378dc670, C4<0>, C4<0>, C4<0>;
L_00000210378dc3d0 .functor BUFZ 1, L_00000210378dcc90, C4<0>, C4<0>, C4<0>;
L_00000210378dc7c0 .functor OR 1, L_00000210378dc9f0, L_00000210378dcd00, C4<0>, C4<0>;
v00000210378d2b80_0 .net "FA_cin", 0 0, L_00000210378d94d0;  1 drivers
v00000210378d3440_0 .net "FA_cout", 0 0, L_00000210378dc7c0;  1 drivers
v00000210378d20e0_0 .net "FA_in1", 0 0, L_00000210378d8fd0;  1 drivers
v00000210378d1b40_0 .net "FA_in2", 0 0, L_00000210378d8c10;  1 drivers
v00000210378d3800_0 .net "FA_sum", 0 0, L_00000210378dc3d0;  1 drivers
v00000210378d1fa0_0 .net "st1_HA_in1", 0 0, L_00000210378dc050;  1 drivers
v00000210378d3580_0 .net "st1_HA_in2", 0 0, L_00000210378dc280;  1 drivers
v00000210378d24a0_0 .net "st1_c_out", 0 0, L_00000210378dc9f0;  1 drivers
v00000210378d2f40_0 .net "st1_sum", 0 0, L_00000210378dc670;  1 drivers
v00000210378d2a40_0 .net "st2_HA_in1", 0 0, L_00000210378dc830;  1 drivers
v00000210378d3760_0 .net "st2_HA_in2", 0 0, L_00000210378dc910;  1 drivers
v00000210378d2720_0 .net "st2_c_out", 0 0, L_00000210378dcd00;  1 drivers
v00000210378d33a0_0 .net "st2_sum", 0 0, L_00000210378dcc90;  1 drivers
S_00000210378d3c90 .scope module, "half_adder_st1" "half_adder" 5 36, 6 10 0, S_00000210378d3b00;
 .timescale -9 -12;
    .port_info 0 /INPUT 1 "HA_in1";
    .port_info 1 /INPUT 1 "HA_in2";
    .port_info 2 /OUTPUT 1 "HA_sum";
    .port_info 3 /OUTPUT 1 "HA_cout";
L_00000210378dc670 .functor XOR 1, L_00000210378dc050, L_00000210378dc280, C4<0>, C4<0>;
L_00000210378dc9f0 .functor AND 1, L_00000210378dc050, L_00000210378dc280, C4<1>, C4<1>;
v00000210378d3080_0 .net "HA_cout", 0 0, L_00000210378dc9f0;  alias, 1 drivers
v00000210378d38a0_0 .net "HA_in1", 0 0, L_00000210378dc050;  alias, 1 drivers
v00000210378d1be0_0 .net "HA_in2", 0 0, L_00000210378dc280;  alias, 1 drivers
v00000210378d34e0_0 .net "HA_sum", 0 0, L_00000210378dc670;  alias, 1 drivers
S_00000210378d3e20 .scope module, "half_adder_st2" "half_adder" 5 38, 6 10 0, S_00000210378d3b00;
 .timescale -9 -12;
    .port_info 0 /INPUT 1 "HA_in1";
    .port_info 1 /INPUT 1 "HA_in2";
    .port_info 2 /OUTPUT 1 "HA_sum";
    .port_info 3 /OUTPUT 1 "HA_cout";
L_00000210378dcc90 .functor XOR 1, L_00000210378dc830, L_00000210378dc910, C4<0>, C4<0>;
L_00000210378dcd00 .functor AND 1, L_00000210378dc830, L_00000210378dc910, C4<1>, C4<1>;
v00000210378d1c80_0 .net "HA_cout", 0 0, L_00000210378dcd00;  alias, 1 drivers
v00000210378d2ea0_0 .net "HA_in1", 0 0, L_00000210378dc830;  alias, 1 drivers
v00000210378d2900_0 .net "HA_in2", 0 0, L_00000210378dc910;  alias, 1 drivers
v00000210378d27c0_0 .net "HA_sum", 0 0, L_00000210378dcc90;  alias, 1 drivers
S_00000210378734f0 .scope module, "FA_block4" "full_adder" 4 15, 5 31 0, S_000002103784fc90;
 .timescale -9 -12;
    .port_info 0 /INPUT 1 "FA_in1";
    .port_info 1 /INPUT 1 "FA_in2";
    .port_info 2 /INPUT 1 "FA_cin";
    .port_info 3 /OUTPUT 1 "FA_sum";
    .port_info 4 /OUTPUT 1 "FA_cout";
L_00000210378dc600 .functor BUFZ 1, L_00000210378d9250, C4<0>, C4<0>, C4<0>;
L_00000210378dcec0 .functor BUFZ 1, L_00000210378d8d50, C4<0>, C4<0>, C4<0>;
L_00000210378dc6e0 .functor BUFZ 1, L_00000210378d8490, C4<0>, C4<0>, C4<0>;
L_00000210378dc1a0 .functor BUFZ 1, L_00000210378dc130, C4<0>, C4<0>, C4<0>;
L_00000210378dc360 .functor BUFZ 1, L_00000210378dc2f0, C4<0>, C4<0>, C4<0>;
L_00000210378dc210 .functor OR 1, L_00000210378dcbb0, L_00000210378dcb40, C4<0>, C4<0>;
v00000210378d39e0_0 .net "FA_cin", 0 0, L_00000210378d8490;  1 drivers
v00000210378d3120_0 .net "FA_cout", 0 0, L_00000210378dc210;  1 drivers
v00000210378d2040_0 .net "FA_in1", 0 0, L_00000210378d9250;  1 drivers
v00000210378d3300_0 .net "FA_in2", 0 0, L_00000210378d8d50;  1 drivers
v00000210378d2cc0_0 .net "FA_sum", 0 0, L_00000210378dc360;  1 drivers
v00000210378d1d20_0 .net "st1_HA_in1", 0 0, L_00000210378dc600;  1 drivers
v00000210378d1dc0_0 .net "st1_HA_in2", 0 0, L_00000210378dcec0;  1 drivers
v00000210378d2180_0 .net "st1_c_out", 0 0, L_00000210378dcbb0;  1 drivers
v00000210378d1f00_0 .net "st1_sum", 0 0, L_00000210378dc130;  1 drivers
v00000210378d2360_0 .net "st2_HA_in1", 0 0, L_00000210378dc6e0;  1 drivers
v00000210378d25e0_0 .net "st2_HA_in2", 0 0, L_00000210378dc1a0;  1 drivers
v00000210378d2400_0 .net "st2_c_out", 0 0, L_00000210378dcb40;  1 drivers
v00000210378d31c0_0 .net "st2_sum", 0 0, L_00000210378dc2f0;  1 drivers
S_0000021037873680 .scope module, "half_adder_st1" "half_adder" 5 36, 6 10 0, S_00000210378734f0;
 .timescale -9 -12;
    .port_info 0 /INPUT 1 "HA_in1";
    .port_info 1 /INPUT 1 "HA_in2";
    .port_info 2 /OUTPUT 1 "HA_sum";
    .port_info 3 /OUTPUT 1 "HA_cout";
L_00000210378dc130 .functor XOR 1, L_00000210378dc600, L_00000210378dcec0, C4<0>, C4<0>;
L_00000210378dcbb0 .functor AND 1, L_00000210378dc600, L_00000210378dcec0, C4<1>, C4<1>;
v00000210378d3620_0 .net "HA_cout", 0 0, L_00000210378dcbb0;  alias, 1 drivers
v00000210378d29a0_0 .net "HA_in1", 0 0, L_00000210378dc600;  alias, 1 drivers
v00000210378d2ae0_0 .net "HA_in2", 0 0, L_00000210378dcec0;  alias, 1 drivers
v00000210378d22c0_0 .net "HA_sum", 0 0, L_00000210378dc130;  alias, 1 drivers
S_00000210378d4960 .scope module, "half_adder_st2" "half_adder" 5 38, 6 10 0, S_00000210378734f0;
 .timescale -9 -12;
    .port_info 0 /INPUT 1 "HA_in1";
    .port_info 1 /INPUT 1 "HA_in2";
    .port_info 2 /OUTPUT 1 "HA_sum";
    .port_info 3 /OUTPUT 1 "HA_cout";
L_00000210378dc2f0 .functor XOR 1, L_00000210378dc6e0, L_00000210378dc1a0, C4<0>, C4<0>;
L_00000210378dcb40 .functor AND 1, L_00000210378dc6e0, L_00000210378dc1a0, C4<1>, C4<1>;
v00000210378d36c0_0 .net "HA_cout", 0 0, L_00000210378dcb40;  alias, 1 drivers
v00000210378d3940_0 .net "HA_in1", 0 0, L_00000210378dc6e0;  alias, 1 drivers
v00000210378d2540_0 .net "HA_in2", 0 0, L_00000210378dc1a0;  alias, 1 drivers
v00000210378d2fe0_0 .net "HA_sum", 0 0, L_00000210378dc2f0;  alias, 1 drivers
S_00000210378d4320 .scope module, "FA_block5" "full_adder" 4 16, 5 31 0, S_000002103784fc90;
 .timescale -9 -12;
    .port_info 0 /INPUT 1 "FA_in1";
    .port_info 1 /INPUT 1 "FA_in2";
    .port_info 2 /INPUT 1 "FA_cin";
    .port_info 3 /OUTPUT 1 "FA_sum";
    .port_info 4 /OUTPUT 1 "FA_cout";
L_00000210378dd8b0 .functor BUFZ 1, L_00000210378d92f0, C4<0>, C4<0>, C4<0>;
L_00000210378dd370 .functor BUFZ 1, L_00000210378d9570, C4<0>, C4<0>, C4<0>;
L_00000210378dda70 .functor BUFZ 1, L_00000210378d96b0, C4<0>, C4<0>, C4<0>;
L_00000210378dd760 .functor BUFZ 1, L_00000210378dcd70, C4<0>, C4<0>, C4<0>;
L_00000210378dd3e0 .functor BUFZ 1, L_00000210378dc980, C4<0>, C4<0>, C4<0>;
L_00000210378dd840 .functor OR 1, L_00000210378dc440, L_00000210378dd220, C4<0>, C4<0>;
v00000210378d6d70_0 .net "FA_cin", 0 0, L_00000210378d96b0;  1 drivers
v00000210378d67d0_0 .net "FA_cout", 0 0, L_00000210378dd840;  1 drivers
v00000210378d6cd0_0 .net "FA_in1", 0 0, L_00000210378d92f0;  1 drivers
v00000210378d62d0_0 .net "FA_in2", 0 0, L_00000210378d9570;  1 drivers
v00000210378d6af0_0 .net "FA_sum", 0 0, L_00000210378dd3e0;  1 drivers
v00000210378d5330_0 .net "st1_HA_in1", 0 0, L_00000210378dd8b0;  1 drivers
v00000210378d6b90_0 .net "st1_HA_in2", 0 0, L_00000210378dd370;  1 drivers
v00000210378d58d0_0 .net "st1_c_out", 0 0, L_00000210378dc440;  1 drivers
v00000210378d56f0_0 .net "st1_sum", 0 0, L_00000210378dcd70;  1 drivers
v00000210378d6eb0_0 .net "st2_HA_in1", 0 0, L_00000210378dda70;  1 drivers
v00000210378d69b0_0 .net "st2_HA_in2", 0 0, L_00000210378dd760;  1 drivers
v00000210378d6370_0 .net "st2_c_out", 0 0, L_00000210378dd220;  1 drivers
v00000210378d5ab0_0 .net "st2_sum", 0 0, L_00000210378dc980;  1 drivers
S_00000210378d44b0 .scope module, "half_adder_st1" "half_adder" 5 36, 6 10 0, S_00000210378d4320;
 .timescale -9 -12;
    .port_info 0 /INPUT 1 "HA_in1";
    .port_info 1 /INPUT 1 "HA_in2";
    .port_info 2 /OUTPUT 1 "HA_sum";
    .port_info 3 /OUTPUT 1 "HA_cout";
L_00000210378dcd70 .functor XOR 1, L_00000210378dd8b0, L_00000210378dd370, C4<0>, C4<0>;
L_00000210378dc440 .functor AND 1, L_00000210378dd8b0, L_00000210378dd370, C4<1>, C4<1>;
v00000210378d2680_0 .net "HA_cout", 0 0, L_00000210378dc440;  alias, 1 drivers
v00000210378d3260_0 .net "HA_in1", 0 0, L_00000210378dd8b0;  alias, 1 drivers
v00000210378d2860_0 .net "HA_in2", 0 0, L_00000210378dd370;  alias, 1 drivers
v00000210378d2c20_0 .net "HA_sum", 0 0, L_00000210378dcd70;  alias, 1 drivers
S_00000210378d4640 .scope module, "half_adder_st2" "half_adder" 5 38, 6 10 0, S_00000210378d4320;
 .timescale -9 -12;
    .port_info 0 /INPUT 1 "HA_in1";
    .port_info 1 /INPUT 1 "HA_in2";
    .port_info 2 /OUTPUT 1 "HA_sum";
    .port_info 3 /OUTPUT 1 "HA_cout";
L_00000210378dc980 .functor XOR 1, L_00000210378dda70, L_00000210378dd760, C4<0>, C4<0>;
L_00000210378dd220 .functor AND 1, L_00000210378dda70, L_00000210378dd760, C4<1>, C4<1>;
v00000210378d2d60_0 .net "HA_cout", 0 0, L_00000210378dd220;  alias, 1 drivers
v00000210378d2e00_0 .net "HA_in1", 0 0, L_00000210378dda70;  alias, 1 drivers
v00000210378d6870_0 .net "HA_in2", 0 0, L_00000210378dd760;  alias, 1 drivers
v00000210378d51f0_0 .net "HA_sum", 0 0, L_00000210378dc980;  alias, 1 drivers
S_00000210378d4000 .scope module, "FA_block6" "full_adder" 4 17, 5 31 0, S_000002103784fc90;
 .timescale -9 -12;
    .port_info 0 /INPUT 1 "FA_in1";
    .port_info 1 /INPUT 1 "FA_in2";
    .port_info 2 /INPUT 1 "FA_cin";
    .port_info 3 /OUTPUT 1 "FA_sum";
    .port_info 4 /OUTPUT 1 "FA_cout";
L_00000210378ddca0 .functor BUFZ 1, L_00000210378d85d0, C4<0>, C4<0>, C4<0>;
L_00000210378dddf0 .functor BUFZ 1, L_00000210378d8530, C4<0>, C4<0>, C4<0>;
L_00000210378dd7d0 .functor BUFZ 1, L_00000210378d8670, C4<0>, C4<0>, C4<0>;
L_00000210378dd680 .functor BUFZ 1, L_00000210378dded0, C4<0>, C4<0>, C4<0>;
L_00000210378dd0d0 .functor BUFZ 1, L_00000210378dd300, C4<0>, C4<0>, C4<0>;
L_00000210378ddbc0 .functor OR 1, L_00000210378ddd80, L_00000210378dd060, C4<0>, C4<0>;
v00000210378d5a10_0 .net "FA_cin", 0 0, L_00000210378d8670;  1 drivers
v00000210378d5650_0 .net "FA_cout", 0 0, L_00000210378ddbc0;  1 drivers
v00000210378d6230_0 .net "FA_in1", 0 0, L_00000210378d85d0;  1 drivers
v00000210378d6e10_0 .net "FA_in2", 0 0, L_00000210378d8530;  1 drivers
v00000210378d5fb0_0 .net "FA_sum", 0 0, L_00000210378dd0d0;  1 drivers
v00000210378d50b0_0 .net "st1_HA_in1", 0 0, L_00000210378ddca0;  1 drivers
v00000210378d64b0_0 .net "st1_HA_in2", 0 0, L_00000210378dddf0;  1 drivers
v00000210378d5150_0 .net "st1_c_out", 0 0, L_00000210378ddd80;  1 drivers
v00000210378d5290_0 .net "st1_sum", 0 0, L_00000210378dded0;  1 drivers
v00000210378d5dd0_0 .net "st2_HA_in1", 0 0, L_00000210378dd7d0;  1 drivers
v00000210378d6410_0 .net "st2_HA_in2", 0 0, L_00000210378dd680;  1 drivers
v00000210378d5010_0 .net "st2_c_out", 0 0, L_00000210378dd060;  1 drivers
v00000210378d6550_0 .net "st2_sum", 0 0, L_00000210378dd300;  1 drivers
S_00000210378d47d0 .scope module, "half_adder_st1" "half_adder" 5 36, 6 10 0, S_00000210378d4000;
 .timescale -9 -12;
    .port_info 0 /INPUT 1 "HA_in1";
    .port_info 1 /INPUT 1 "HA_in2";
    .port_info 2 /OUTPUT 1 "HA_sum";
    .port_info 3 /OUTPUT 1 "HA_cout";
L_00000210378dded0 .functor XOR 1, L_00000210378ddca0, L_00000210378dddf0, C4<0>, C4<0>;
L_00000210378ddd80 .functor AND 1, L_00000210378ddca0, L_00000210378dddf0, C4<1>, C4<1>;
v00000210378d6910_0 .net "HA_cout", 0 0, L_00000210378ddd80;  alias, 1 drivers
v00000210378d6a50_0 .net "HA_in1", 0 0, L_00000210378ddca0;  alias, 1 drivers
v00000210378d6c30_0 .net "HA_in2", 0 0, L_00000210378dddf0;  alias, 1 drivers
v00000210378d5c90_0 .net "HA_sum", 0 0, L_00000210378dded0;  alias, 1 drivers
S_00000210378d4c80 .scope module, "half_adder_st2" "half_adder" 5 38, 6 10 0, S_00000210378d4000;
 .timescale -9 -12;
    .port_info 0 /INPUT 1 "HA_in1";
    .port_info 1 /INPUT 1 "HA_in2";
    .port_info 2 /OUTPUT 1 "HA_sum";
    .port_info 3 /OUTPUT 1 "HA_cout";
L_00000210378dd300 .functor XOR 1, L_00000210378dd7d0, L_00000210378dd680, C4<0>, C4<0>;
L_00000210378dd060 .functor AND 1, L_00000210378dd7d0, L_00000210378dd680, C4<1>, C4<1>;
v00000210378d6050_0 .net "HA_cout", 0 0, L_00000210378dd060;  alias, 1 drivers
v00000210378d60f0_0 .net "HA_in1", 0 0, L_00000210378dd7d0;  alias, 1 drivers
v00000210378d6190_0 .net "HA_in2", 0 0, L_00000210378dd680;  alias, 1 drivers
v00000210378d65f0_0 .net "HA_sum", 0 0, L_00000210378dd300;  alias, 1 drivers
S_00000210378d4af0 .scope module, "FA_block7" "full_adder" 4 18, 5 31 0, S_000002103784fc90;
 .timescale -9 -12;
    .port_info 0 /INPUT 1 "FA_in1";
    .port_info 1 /INPUT 1 "FA_in2";
    .port_info 2 /INPUT 1 "FA_cin";
    .port_info 3 /OUTPUT 1 "FA_sum";
    .port_info 4 /OUTPUT 1 "FA_cout";
L_00000210378dd5a0 .functor BUFZ 1, L_00000210378d97f0, C4<0>, C4<0>, C4<0>;
L_00000210378ddf40 .functor BUFZ 1, L_00000210378d8850, C4<0>, C4<0>, C4<0>;
L_00000210378dd990 .functor BUFZ 1, L_00000210378d88f0, C4<0>, C4<0>, C4<0>;
L_00000210378dd4c0 .functor BUFZ 1, L_00000210378dd290, C4<0>, C4<0>, C4<0>;
L_00000210378dd530 .functor BUFZ 1, L_00000210378ddd10, C4<0>, C4<0>, C4<0>;
L_00000210378dd140 .functor OR 1, L_00000210378dd6f0, L_00000210378dd450, C4<0>, C4<0>;
v00000210378d6690_0 .net "FA_cin", 0 0, L_00000210378d88f0;  1 drivers
v00000210378d5830_0 .net "FA_cout", 0 0, L_00000210378dd140;  1 drivers
v00000210378d5970_0 .net "FA_in1", 0 0, L_00000210378d97f0;  1 drivers
v00000210378d5e70_0 .net "FA_in2", 0 0, L_00000210378d8850;  1 drivers
v00000210378d5f10_0 .net "FA_sum", 0 0, L_00000210378dd530;  1 drivers
v00000210378d6730_0 .net "st1_HA_in1", 0 0, L_00000210378dd5a0;  1 drivers
v00000210378d8df0_0 .net "st1_HA_in2", 0 0, L_00000210378ddf40;  1 drivers
v00000210378d8990_0 .net "st1_c_out", 0 0, L_00000210378dd6f0;  1 drivers
v00000210378d9390_0 .net "st1_sum", 0 0, L_00000210378dd290;  1 drivers
v00000210378d8210_0 .net "st2_HA_in1", 0 0, L_00000210378dd990;  1 drivers
v00000210378d9e30_0 .net "st2_HA_in2", 0 0, L_00000210378dd4c0;  1 drivers
v00000210378d8170_0 .net "st2_c_out", 0 0, L_00000210378dd450;  1 drivers
v00000210378d82b0_0 .net "st2_sum", 0 0, L_00000210378ddd10;  1 drivers
S_00000210378d4190 .scope module, "half_adder_st1" "half_adder" 5 36, 6 10 0, S_00000210378d4af0;
 .timescale -9 -12;
    .port_info 0 /INPUT 1 "HA_in1";
    .port_info 1 /INPUT 1 "HA_in2";
    .port_info 2 /OUTPUT 1 "HA_sum";
    .port_info 3 /OUTPUT 1 "HA_cout";
L_00000210378dd290 .functor XOR 1, L_00000210378dd5a0, L_00000210378ddf40, C4<0>, C4<0>;
L_00000210378dd6f0 .functor AND 1, L_00000210378dd5a0, L_00000210378ddf40, C4<1>, C4<1>;
v00000210378d5b50_0 .net "HA_cout", 0 0, L_00000210378dd6f0;  alias, 1 drivers
v00000210378d5470_0 .net "HA_in1", 0 0, L_00000210378dd5a0;  alias, 1 drivers
v00000210378d5bf0_0 .net "HA_in2", 0 0, L_00000210378ddf40;  alias, 1 drivers
v00000210378d5790_0 .net "HA_sum", 0 0, L_00000210378dd290;  alias, 1 drivers
S_00000210378d4e10 .scope module, "half_adder_st2" "half_adder" 5 38, 6 10 0, S_00000210378d4af0;
 .timescale -9 -12;
    .port_info 0 /INPUT 1 "HA_in1";
    .port_info 1 /INPUT 1 "HA_in2";
    .port_info 2 /OUTPUT 1 "HA_sum";
    .port_info 3 /OUTPUT 1 "HA_cout";
L_00000210378ddd10 .functor XOR 1, L_00000210378dd990, L_00000210378dd4c0, C4<0>, C4<0>;
L_00000210378dd450 .functor AND 1, L_00000210378dd990, L_00000210378dd4c0, C4<1>, C4<1>;
v00000210378d5d30_0 .net "HA_cout", 0 0, L_00000210378dd450;  alias, 1 drivers
v00000210378d53d0_0 .net "HA_in1", 0 0, L_00000210378dd990;  alias, 1 drivers
v00000210378d5510_0 .net "HA_in2", 0 0, L_00000210378dd4c0;  alias, 1 drivers
v00000210378d55b0_0 .net "HA_sum", 0 0, L_00000210378ddd10;  alias, 1 drivers
    .scope S_000002103784fb00;
T_0 ;
    %vpi_call/w 3 22 "$dumpfile", "tb_adder_8bits.vcd" {0 0 0};
    %vpi_call/w 3 23 "$dumpvars", 32'sb00000000000000000000000000000000, S_000002103784fb00 {0 0 0};
    %pushi/vec4 1, 0, 8;
    %store/vec4 v00000210378d9bb0_0, 0, 8;
    %pushi/vec4 0, 0, 8;
    %store/vec4 v00000210378d8a30_0, 0, 8;
    %delay 1000, 0;
    %pushi/vec4 1, 0, 8;
    %store/vec4 v00000210378d9bb0_0, 0, 8;
    %pushi/vec4 1, 0, 8;
    %store/vec4 v00000210378d8a30_0, 0, 8;
    %pushi/vec4 2, 0, 8;
    %store/vec4 v00000210378d9110_0, 0, 8;
    %delay 1000, 0;
    %pushi/vec4 100, 0, 8;
    %store/vec4 v00000210378d9bb0_0, 0, 8;
    %pushi/vec4 1, 0, 8;
    %store/vec4 v00000210378d8a30_0, 0, 8;
    %delay 1000, 0;
    %pushi/vec4 100, 0, 8;
    %store/vec4 v00000210378d9bb0_0, 0, 8;
    %pushi/vec4 1, 0, 8;
    %store/vec4 v00000210378d8a30_0, 0, 8;
    %pushi/vec4 0, 0, 8;
    %store/vec4 v00000210378d9110_0, 0, 8;
    %vpi_call/w 3 52 "$display", "Test complete" {0 0 0};
    %end;
    .thread T_0;
    .scope S_000002103784fb00;
T_1 ;
    %delay 12000, 0;
    %vpi_call/w 3 55 "$finish" {0 0 0};
    %end;
    .thread T_1;
# The file index is used to find the file name in the following table.
:file_names 7;
    "N/A";
    "<interactive>";
    "-";
    "8Bit_Adder\src\tb_adder_8bits.v";
    "8Bit_Adder\src/adder_8bits.v";
    "8Bit_Adder\src/full_adder.v";
    "8Bit_Adder\src/half_adder.v";
