#! /c/Source/iverilog-install/bin/vvp
:ivl_version "12.0 (devel)" "(s20150603-1539-g2693dd32b)";
:ivl_delay_selection "TYPICAL";
:vpi_time_precision - 12;
:vpi_module "Y:\iverilog\lib\ivl\system.vpi";
:vpi_module "Y:\iverilog\lib\ivl\vhdl_sys.vpi";
:vpi_module "Y:\iverilog\lib\ivl\vhdl_textio.vpi";
:vpi_module "Y:\iverilog\lib\ivl\v2005_math.vpi";
:vpi_module "Y:\iverilog\lib\ivl\va_math.vpi";
:vpi_module "Y:\iverilog\lib\ivl\v2009.vpi";
S_0000015818f7b190 .scope package, "$unit" "$unit" 2 1;
 .timescale 0 0;
S_0000015818f7eb80 .scope module, "tb_half_adder" "tb_half_adder" 3 12;
 .timescale -9 -12;
v0000015818f7bee0_0 .net "tb_HA_cout", 0 0, L_0000015818f76ee0;  1 drivers
v0000015818e359a0_0 .var "tb_HA_in1", 0 0;
v0000015818e35a40_0 .var "tb_HA_in2", 0 0;
v0000015818e35ae0_0 .net "tb_HA_sum", 0 0, L_0000015818f76a80;  1 drivers
S_0000015818e35810 .scope module, "uut" "half_adder" 3 17, 4 10 0, S_0000015818f7eb80;
 .timescale -9 -12;
    .port_info 0 /INPUT 1 "HA_in1";
    .port_info 1 /INPUT 1 "HA_in2";
    .port_info 2 /OUTPUT 1 "HA_sum";
    .port_info 3 /OUTPUT 1 "HA_cout";
L_0000015818f76a80 .functor XOR 1, v0000015818e359a0_0, v0000015818e35a40_0, C4<0>, C4<0>;
L_0000015818f76ee0 .functor AND 1, v0000015818e359a0_0, v0000015818e35a40_0, C4<1>, C4<1>;
v0000015818f7ed10_0 .net "HA_cout", 0 0, L_0000015818f76ee0;  alias, 1 drivers
v0000015818f7bd00_0 .net "HA_in1", 0 0, v0000015818e359a0_0;  1 drivers
v0000015818f7bda0_0 .net "HA_in2", 0 0, v0000015818e35a40_0;  1 drivers
v0000015818f7be40_0 .net "HA_sum", 0 0, L_0000015818f76a80;  alias, 1 drivers
    .scope S_0000015818f7eb80;
T_0 ;
    %vpi_call/w 3 27 "$dumpfile", "tb_half_adder.vcd" {0 0 0};
    %vpi_call/w 3 30 "$dumpvars", 32'sb00000000000000000000000000000000, S_0000015818f7eb80 {0 0 0};
    %pushi/vec4 0, 0, 1;
    %store/vec4 v0000015818e359a0_0, 0, 1;
    %pushi/vec4 0, 0, 1;
    %store/vec4 v0000015818e35a40_0, 0, 1;
    %delay 2000, 0;
    %pushi/vec4 0, 0, 1;
    %store/vec4 v0000015818e359a0_0, 0, 1;
    %pushi/vec4 1, 0, 1;
    %store/vec4 v0000015818e35a40_0, 0, 1;
    %delay 2000, 0;
    %pushi/vec4 1, 0, 1;
    %store/vec4 v0000015818e359a0_0, 0, 1;
    %pushi/vec4 0, 0, 1;
    %store/vec4 v0000015818e35a40_0, 0, 1;
    %delay 2000, 0;
    %pushi/vec4 1, 0, 1;
    %store/vec4 v0000015818e359a0_0, 0, 1;
    %pushi/vec4 1, 0, 1;
    %store/vec4 v0000015818e35a40_0, 0, 1;
    %vpi_call/w 3 37 "$display", "Test complete" {0 0 0};
    %end;
    .thread T_0;
    .scope S_0000015818f7eb80;
T_1 ;
    %delay 10000, 0;
    %vpi_call/w 3 41 "$finish" {0 0 0};
    %end;
    .thread T_1;
# The file index is used to find the file name in the following table.
:file_names 5;
    "N/A";
    "<interactive>";
    "-";
    "8Bit_Adder\src\tb_half_adder.v";
    "8Bit_Adder\src/half_adder.v";
