#! /usr/bin/vvp
:ivl_version "13.0 (stable)" "(v13_0-dirty)";
:ivl_delay_selection "TYPICAL";
:vpi_time_precision + 0;
:vpi_module "/usr/lib/ivl/system.vpi";
:vpi_module "/usr/lib/ivl/vhdl_sys.vpi";
:vpi_module "/usr/lib/ivl/vhdl_textio.vpi";
:vpi_module "/usr/lib/ivl/v2005_math.vpi";
:vpi_module "/usr/lib/ivl/va_math.vpi";
:vpi_module "/usr/lib/ivl/v2009.vpi";
S_0x55a2fd881af0 .scope package, "$unit" "$unit" 2 1;
 .timescale 0 0;
S_0x55a2fd881c80 .scope module, "bin2gray_mod1" "bin2gray_mod1" 3 1;
 .timescale 0 0;
    .port_info 0 /INPUT 4 "binNumb";
    .port_info 1 /OUTPUT 4 "grayNumb";
L_0x55a2fd89a300 .functor XOR 1, L_0x55a2fd89a140, L_0x55a2fd89a260, C4<0>, C4<0>;
L_0x55a2fd89a640 .functor XOR 1, L_0x55a2fd89a440, L_0x55a2fd89a5a0, C4<0>, C4<0>;
L_0x55a2fd89aac0 .functor XOR 1, L_0x55a2fd89a930, L_0x55a2fd89a9d0, C4<0>, C4<0>;
v0x55a2fd870510_0 .net *"_ivl_10", 0 0, L_0x55a2fd89a300;  1 drivers
v0x55a2fd872040_0 .net *"_ivl_15", 0 0, L_0x55a2fd89a440;  1 drivers
v0x55a2fd872e80_0 .net *"_ivl_17", 0 0, L_0x55a2fd89a5a0;  1 drivers
v0x55a2fd898470_0 .net *"_ivl_18", 0 0, L_0x55a2fd89a640;  1 drivers
v0x55a2fd898550_0 .net *"_ivl_24", 0 0, L_0x55a2fd89a930;  1 drivers
v0x55a2fd898680_0 .net *"_ivl_26", 0 0, L_0x55a2fd89a9d0;  1 drivers
v0x55a2fd898760_0 .net *"_ivl_27", 0 0, L_0x55a2fd89aac0;  1 drivers
v0x55a2fd898840_0 .net *"_ivl_3", 0 0, L_0x55a2fd89a040;  1 drivers
v0x55a2fd898920_0 .net *"_ivl_7", 0 0, L_0x55a2fd89a140;  1 drivers
v0x55a2fd898a00_0 .net *"_ivl_9", 0 0, L_0x55a2fd89a260;  1 drivers
o0x7fbe2c8ec1f8 .functor BUFZ 4, c4<zzzz>; HiZ drive
v0x55a2fd898ae0_0 .net "binNumb", 3 0, o0x7fbe2c8ec1f8;  0 drivers
v0x55a2fd898bc0_0 .net "grayNumb", 3 0, L_0x55a2fd89a730;  1 drivers
L_0x55a2fd89a040 .part o0x7fbe2c8ec1f8, 3, 1;
L_0x55a2fd89a140 .part o0x7fbe2c8ec1f8, 3, 1;
L_0x55a2fd89a260 .part o0x7fbe2c8ec1f8, 2, 1;
L_0x55a2fd89a440 .part o0x7fbe2c8ec1f8, 2, 1;
L_0x55a2fd89a5a0 .part o0x7fbe2c8ec1f8, 1, 1;
L_0x55a2fd89a730 .concat8 [ 1 1 1 1], L_0x55a2fd89aac0, L_0x55a2fd89a640, L_0x55a2fd89a300, L_0x55a2fd89a040;
L_0x55a2fd89a930 .part o0x7fbe2c8ec1f8, 1, 1;
L_0x55a2fd89a9d0 .part o0x7fbe2c8ec1f8, 0, 1;
S_0x55a2fd847510 .scope module, "bin2gray_mod2" "bin2gray_mod2" 3 16;
 .timescale 0 0;
    .port_info 0 /INPUT 4 "binNumb";
    .port_info 1 /OUTPUT 4 "grayNumb";
v0x55a2fd899d10_0 .net *"_ivl_16", 0 0, L_0x55a2fd89b530;  1 drivers
o0x7fbe2c8ec498 .functor BUFZ 4, c4<zzzz>; HiZ drive
v0x55a2fd899e10_0 .net "binNumb", 3 0, o0x7fbe2c8ec498;  0 drivers
v0x55a2fd899ef0_0 .net "grayNumb", 3 0, L_0x55a2fd89b3a0;  1 drivers
L_0x55a2fd89ac20 .part o0x7fbe2c8ec498, 3, 1;
L_0x55a2fd89acc0 .part o0x7fbe2c8ec498, 2, 1;
L_0x55a2fd89aec0 .part o0x7fbe2c8ec498, 2, 1;
L_0x55a2fd89af60 .part o0x7fbe2c8ec498, 1, 1;
L_0x55a2fd89b150 .part o0x7fbe2c8ec498, 1, 1;
L_0x55a2fd89b1f0 .part o0x7fbe2c8ec498, 0, 1;
L_0x55a2fd89b3a0 .concat8 [ 1 1 1 1], L_0x55a2fd89b290, L_0x55a2fd89b090, L_0x55a2fd89adb0, L_0x55a2fd89b530;
L_0x55a2fd89b530 .part o0x7fbe2c8ec498, 3, 1;
S_0x55a2fd898d00 .scope generate, "genblk1[0]" "genblk1[0]" 3 29, 3 29 0, S_0x55a2fd847510;
 .timescale 0 0;
P_0x55a2fd898eb0 .param/l "i" 1 3 29, +C4<00>;
L_0x55a2fd89b290 .functor XOR 1, L_0x55a2fd89b150, L_0x55a2fd89b1f0, C4<0>, C4<0>;
v0x55a2fd898f90_0 .net *"_ivl_0", 0 0, L_0x55a2fd89b150;  1 drivers
v0x55a2fd899070_0 .net *"_ivl_1", 0 0, L_0x55a2fd89b1f0;  1 drivers
v0x55a2fd899150_0 .net *"_ivl_2", 0 0, L_0x55a2fd89b290;  1 drivers
S_0x55a2fd899210 .scope generate, "genblk1[1]" "genblk1[1]" 3 29, 3 29 0, S_0x55a2fd847510;
 .timescale 0 0;
P_0x55a2fd899430 .param/l "i" 1 3 29, +C4<01>;
L_0x55a2fd89b090 .functor XOR 1, L_0x55a2fd89aec0, L_0x55a2fd89af60, C4<0>, C4<0>;
v0x55a2fd8994f0_0 .net *"_ivl_0", 0 0, L_0x55a2fd89aec0;  1 drivers
v0x55a2fd8995d0_0 .net *"_ivl_1", 0 0, L_0x55a2fd89af60;  1 drivers
v0x55a2fd8996b0_0 .net *"_ivl_2", 0 0, L_0x55a2fd89b090;  1 drivers
S_0x55a2fd899770 .scope generate, "genblk1[2]" "genblk1[2]" 3 29, 3 29 0, S_0x55a2fd847510;
 .timescale 0 0;
P_0x55a2fd8999a0 .param/l "i" 1 3 29, +C4<010>;
L_0x55a2fd89adb0 .functor XOR 1, L_0x55a2fd89ac20, L_0x55a2fd89acc0, C4<0>, C4<0>;
v0x55a2fd899a60_0 .net *"_ivl_0", 0 0, L_0x55a2fd89ac20;  1 drivers
v0x55a2fd899b40_0 .net *"_ivl_1", 0 0, L_0x55a2fd89acc0;  1 drivers
v0x55a2fd899c20_0 .net *"_ivl_2", 0 0, L_0x55a2fd89adb0;  1 drivers
# The file index is used to find the file name in the following table.
:file_names 4;
    "N/A";
    "<interactive>";
    "-";
    "Bin2Gray/bin2gray.v";
